<?xml version="1.0" encoding="utf-8"?><testsuites name="pytest tests"><testsuite name="pytest" errors="0" failures="0" skipped="0" tests="9" time="1.248" timestamp="2026-07-28T05:13:34.355773+02:00" hostname="WIN-LECQMSG5OQP"><testcase classname="tests.runtime_adversary.test_confirmed_runtime_defects" name="test_public_models_do_not_advertise_unloaded_immutable_models" time="0.028" /><testcase classname="tests.runtime_adversary.test_confirmed_runtime_defects" name="test_malformed_or_unknown_controls_fail_before_generation[&lt;lambda&gt;0]" time="0.004" /><testcase classname="tests.runtime_adversary.test_confirmed_runtime_defects" name="test_malformed_or_unknown_controls_fail_before_generation[&lt;lambda&gt;1]" time="0.026" /><testcase classname="tests.runtime_adversary.test_confirmed_runtime_defects" name="test_malformed_or_unknown_controls_fail_before_generation[&lt;lambda&gt;2]" time="0.015" /><testcase classname="tests.runtime_adversary.test_confirmed_runtime_defects" name="test_malformed_or_unknown_controls_fail_before_generation[&lt;lambda&gt;3]" time="0.015" /><testcase classname="tests.runtime_adversary.test_confirmed_runtime_defects" name="test_persona_stream_obeys_sse_contract_and_terminates" time="0.327" /><testcase classname="tests.runtime_adversary.test_confirmed_runtime_defects" name="test_configuration_hash_covers_prompt_seed_sampling_and_grammar" time="0.271" /><testcase classname="tests.runtime_adversary.test_confirmed_runtime_defects" name="test_compare_route_reaches_processor_and_rejects_unsupported_controls" time="0.023" /><testcase classname="tests.runtime_adversary.test_confirmed_runtime_defects" name="test_moe_rejects_unsupported_before_first_generation" time="0.512" /></testsuite></testsuites>