<?xml version="1.0" encoding="utf-8"?><testsuites name="pytest tests"><testsuite name="pytest" errors="0" failures="0" skipped="0" tests="343" time="39.952" timestamp="2026-07-28T05:43:56.249259+02:00" hostname="WIN-LECQMSG5OQP"><testcase classname="tests.adversarial.test_end_to_end_logit_processor.TestEndToEndLogitProcessor" name="test_full_generation_simulation_without_req" time="0.002" /><testcase classname="tests.adversarial.test_end_to_end_logit_processor.TestEndToEndLogitProcessor" name="test_full_generation_simulation_with_req" time="0.001" /><testcase classname="tests.adversarial.test_end_to_end_logit_processor.TestEndToEndLogitProcessor" name="test_comparison_baseline_vs_nram_without_req" time="0.001" /><testcase classname="tests.adversarial.test_end_to_end_logit_processor.TestEndToEndLogitProcessor" name="test_phase_schedule_without_req" time="0.001" /><testcase classname="tests.adversarial.test_moe_synthesis.TestMoESynthesisConfiguration" name="test_moe_synthesis_uses_baseline_model" time="0.159" /><testcase classname="tests.adversarial.test_moe_synthesis.TestMoESynthesisConfiguration" name="test_moe_persona_queries_use_nram" time="0.161" /><testcase classname="tests.adversarial.test_moe_synthesis.TestMoESynthesisConfiguration" name="test_moe_synthesis_loses_persona_characteristics" time="0.161" /><testcase classname="tests.adversarial.test_moe_synthesis.TestMoESynthesisConfiguration" name="test_moe_synthesis_payload_lacks_custom_processor" time="0.154" /><testcase classname="tests.adversarial.test_phenomenon_activation.TestPhenomenonMixerActivation" name="test_phenomena_not_called_without_req" time="0.001" /><testcase classname="tests.adversarial.test_phenomenon_activation.TestPhenomenonMixerActivation" name="test_overlap_fires_with_req" time="0.001" /><testcase classname="tests.adversarial.test_phenomenon_activation.TestPhenomenonMixerActivation" name="test_repetition_penalty_requires_req" time="0.001" /><testcase classname="tests.adversarial.test_phenomenon_activation.TestPhenomenonMixerActivation" name="test_phenomena_gating_line_in_processor" time="0.001" /><testcase classname="tests.adversarial.test_phenomenon_activation.TestPhenomenonMixerActivation" name="test_comparison_overlap_with_vs_without_req" time="0.001" /><testcase classname="tests.adversarial.test_remediation_verification.TestDefect1Remediation" name="test_req_is_injected_into_custom_params" time="0.176" /><testcase classname="tests.adversarial.test_remediation_verification.TestDefect1Remediation" name="test_dynamic_repetition_penalty_works" time="0.001" /><testcase classname="tests.adversarial.test_remediation_verification.TestDefect2Remediation" name="test_overlap_phenomenon_fires" time="0.001" /><testcase classname="tests.adversarial.test_remediation_verification.TestDefect2Remediation" name="test_forgetting_phenomenon_fires" time="0.001" /><testcase classname="tests.adversarial.test_remediation_verification.TestDefect2Remediation" name="test_looping_phenomenon_fires" time="0.001" /><testcase classname="tests.adversarial.test_remediation_verification.TestDefect2Remediation" name="test_associative_jump_phenomenon_fires" time="0.001" /><testcase classname="tests.adversarial.test_remediation_verification.TestDefect2Remediation" name="test_dissolution_phenomenon_fires" time="0.001" /><testcase classname="tests.adversarial.test_remediation_verification.TestDefect2Remediation" name="test_synesthesia_phenomenon_fires" time="0.001" /><testcase classname="tests.adversarial.test_remediation_verification.TestDefect2Remediation" name="test_phase_scheduling_works" time="0.001" /><testcase classname="tests.adversarial.test_remediation_verification.TestDefect3Remediation" name="test_moe_synthesis_uses_nram_model" time="0.194" /><testcase classname="tests.adversarial.test_remediation_verification.TestDefect3Remediation" name="test_moe_synthesis_payload_has_custom_processor" time="0.184" /><testcase classname="tests.adversarial.test_remediation_verification.TestDefect3Remediation" name="test_synthesis_preserves_persona_characteristics" time="0.259" /><testcase classname="tests.adversarial.test_remediation_verification.TestIntegrationVerification" name="test_full_nram_pipeline_works" time="0.239" /><testcase classname="tests.adversarial.test_req_injection.TestReqInjection" name="test_build_custom_params_excludes_application_request" time="0.001" /><testcase classname="tests.adversarial.test_req_injection.TestReqInjection" name="test_sglang_payload_keeps_request_object_off_wire" time="0.291" /><testcase classname="tests.adversarial.test_req_injection.TestReqInjection" name="test_processor_consumes_trusted_server_request_history" time="0.001" /><testcase classname="tests.contract.test_openai_chat_contract.TestAuth" name="test_missing_auth_returns_401" time="0.005" /><testcase classname="tests.contract.test_openai_chat_contract.TestAuth" name="test_invalid_token_returns_401" time="0.003" /><testcase classname="tests.contract.test_openai_chat_contract.TestAuth" name="test_valid_token_returns_200" time="0.006" /><testcase classname="tests.contract.test_openai_chat_contract.TestRequestValidation" name="test_missing_messages_returns_400" time="0.004" /><testcase classname="tests.contract.test_openai_chat_contract.TestRequestValidation" name="test_invalid_message_format_returns_400" time="0.004" /><testcase classname="tests.contract.test_openai_chat_contract.TestErrorHandling" name="test_upstream_failure_returns_openai_error_not_fake_200" time="0.004" /><testcase classname="tests.contract.test_openai_chat_contract.TestContentPreservation" name="test_user_content_not_modified_by_nram" time="0.004" /><testcase classname="tests.contract.test_openai_chat_contract.TestModelAlias" name="test_requested_model_passed_to_llm_handler" time="0.004" /><testcase classname="tests.contract.test_openai_chat_contract.TestModelAlias" name="test_baseline_model_alias_works" time="0.004" /><testcase classname="tests.contract.test_openai_chat_contract.TestResponseShape" name="test_response_has_required_openai_fields" time="0.004" /><testcase classname="tests.contract.test_openai_chat_contract.TestResponseShape" name="test_content_is_string_not_dict" time="0.005" /><testcase classname="tests.contract.test_openai_models_contract.TestModelsEndpoint" name="test_models_requires_auth" time="0.003" /><testcase classname="tests.contract.test_openai_models_contract.TestModelsEndpoint" name="test_models_returns_only_loaded_immutable_identity" time="0.004" /><testcase classname="tests.contract.test_openai_models_contract.TestModelsEndpoint" name="test_models_have_required_fields" time="0.003" /><testcase classname="tests.contract.test_sglang_engine_contract.TestAliasRouting" name="test_both_aliases_map_to_same_upstream" time="0.001" /><testcase classname="tests.contract.test_sglang_engine_contract.TestAliasRouting" name="test_unloaded_model_identities_are_not_mapped" time="0.238" /><testcase classname="tests.contract.test_sglang_engine_contract.TestAliasRouting" name="test_only_nram_alias_is_steering_enabled" time="0.000" /><testcase classname="tests.contract.test_sglang_engine_contract.TestAliasRouting" name="test_is_nram_enabled_true_for_nram_alias" time="0.268" /><testcase classname="tests.contract.test_sglang_engine_contract.TestAliasRouting" name="test_is_nram_enabled_false_for_baseline" time="0.251" /><testcase classname="tests.contract.test_sglang_engine_contract.TestAliasRouting" name="test_nram_disabled_via_option" time="0.225" /><testcase classname="tests.contract.test_sglang_engine_contract.TestSecurityBoundary" name="test_forbidden_fields_constant" time="0.001" /><testcase classname="tests.contract.test_sglang_engine_contract.TestSecurityBoundary" name="test_client_cannot_inject_processor" time="0.222" /><testcase classname="tests.contract.test_sglang_engine_contract.TestSecurityBoundary" name="test_client_cannot_inject_serialized_processor" time="0.264" /><testcase classname="tests.contract.test_sglang_engine_contract.TestSecurityBoundary" name="test_unavailable_advanced_features_fail_loudly[dexperts]" time="0.256" /><testcase classname="tests.contract.test_sglang_engine_contract.TestSecurityBoundary" name="test_unavailable_advanced_features_fail_loudly[activation_addition]" time="0.268" /><testcase classname="tests.contract.test_sglang_engine_contract.TestSecurityBoundary" name="test_unavailable_advanced_features_fail_loudly[conceptor_steering]" time="0.248" /><testcase classname="tests.contract.test_sglang_engine_contract.TestSecurityBoundary" name="test_unavailable_advanced_features_fail_loudly[hidden_state_probes]" time="0.261" /><testcase classname="tests.contract.test_sglang_engine_contract.TestSecurityBoundary" name="test_unavailable_advanced_features_fail_loudly[latent_closed_loop]" time="0.173" /><testcase classname="tests.contract.test_sglang_engine_contract.TestSecurityBoundary" name="test_unavailable_advanced_features_fail_loudly[branch_tournament]" time="0.194" /><testcase classname="tests.contract.test_sglang_engine_contract.TestSecurityBoundary" name="test_unavailable_advanced_features_fail_loudly[reft]" time="0.236" /><testcase classname="tests.contract.test_sglang_engine_contract.TestSecurityBoundary" name="test_unavailable_advanced_features_fail_loudly[attention_head_gating]" time="0.239" /><testcase classname="tests.contract.test_sglang_engine_contract.TestSecurityBoundary" name="test_unavailable_advanced_features_fail_loudly[kv_cache_firewall]" time="0.250" /><testcase classname="tests.contract.test_sglang_engine_contract.TestPayloadConstruction" name="test_baseline_has_no_processor" time="0.191" /><testcase classname="tests.contract.test_sglang_engine_contract.TestPayloadConstruction" name="test_nram_payload_has_processor_and_params" time="0.209" /><testcase classname="tests.contract.test_sglang_engine_contract.TestPayloadConstruction" name="test_user_content_preserved" time="0.275" /><testcase classname="tests.contract.test_sglang_engine_contract.TestPayloadConstruction" name="test_allowlist_filters_unknown_fields" time="0.278" /><testcase classname="tests.contract.test_sglang_engine_contract.TestPayloadConstruction" name="test_model_alias_resolved_in_payload" time="0.199" /><testcase classname="tests.contract.test_sglang_engine_contract.TestPayloadConstruction" name="test_custom_params_profile_reflects_request" time="0.216" /><testcase classname="tests.contract.test_sglang_engine_contract.TestPayloadConstruction" name="test_bias_values_within_bounds" time="0.242" /><testcase classname="tests.gpu.test_forced_token_proof" name="test_forced_token_public_api_same_seed_control" time="0.699" /><testcase classname="tests.gpu.test_forced_token_proof" name="test_api_and_server_use_same_qwen_tokenizer_artifact" time="5.160" /><testcase classname="tests.gpu.test_logit_controls" name="test_live_pid_low_medium_high_and_request_reset" time="1.799" /><testcase classname="tests.gpu.test_logit_controls" name="test_live_capsule_soft_window_and_sparse_vector_deltas" time="4.893" /><testcase classname="tests.gpu.test_structural_controls" name="test_bilingual_overlapping_phrase_completion_is_masked[ forbidden horizon]" time="2.081" /><testcase classname="tests.gpu.test_structural_controls" name="test_bilingual_overlapping_phrase_completion_is_masked[ zak\xe1zan\xfd obzor]" time="2.545" /><testcase classname="tests.gpu.test_structural_controls" name="test_exact_source_eight_token_continuation_is_masked" time="2.637" /><testcase classname="tests.gpu.test_structural_controls" name="test_phrase_mask_composes_with_live_json_grammar" time="5.092" /><testcase classname="tests.gpu.test_structural_controls" name="test_streamed_steps_use_same_request_history" time="1.704" /><testcase classname="tests.integration.test_consciousness_quality" name="test_consciousness_state_instructions" time="0.002" /><testcase classname="tests.integration.test_consciousness_quality" name="test_consciousness_state_quality_metrics" time="0.002" /><testcase classname="tests.integration.test_persona_alias_logit_processor.TestPersonaAliasActivatesLogitProcessor" name="test_route_persona_uses_internal_model_without_mutating_input" time="0.002" /><testcase classname="tests.integration.test_persona_alias_logit_processor.TestPersonaAliasActivatesLogitProcessor" name="test_moe_subrequest_sets_internal_model" time="0.003" /><testcase classname="tests.integration.test_persona_alias_logit_processor.TestPersonaAliasActivatesLogitProcessor" name="test_engine_injects_custom_logit_processor" time="0.240" /><testcase classname="tests.integration.test_persona_alias_logit_processor.TestPersonaAliasActivatesLogitProcessor" name="test_persona_model_not_in_nram_enabled_aliases" time="0.001" /><testcase classname="tests.integration.test_persona_alias_logit_processor.TestPersonaAliasActivatesLogitProcessor" name="test_nram_enabled_aliases_contains_actual_nram_models" time="0.000" /><testcase classname="tests.integration.test_persona_alias_logit_processor.TestTokenizerFailFast" name="test_missing_tokenizer_raises_error" time="0.001" /><testcase classname="tests.integration.test_persona_alias_logit_processor.TestVisionaryPeakProfile" name="test_visionary_peak_exists" time="0.000" /><testcase classname="tests.integration.test_persona_alias_logit_processor.TestVisionaryPeakProfile" name="test_visionary_peak_has_high_coherence" time="0.000" /><testcase classname="tests.integration.test_persona_alias_logit_processor.TestVisionaryPeakProfile" name="test_visionary_peak_has_high_novelty" time="0.000" /><testcase classname="tests.integration.test_persona_alias_logit_processor.TestVisionaryPeakProfile" name="test_visionary_peak_has_high_product_obsession" time="0.001" /><testcase classname="tests.integration.test_streamlit_smoke" name="test_streamlit_console_constructs_without_exception" time="1.216" /><testcase classname="tests.runtime_adversary.test_confirmed_runtime_defects" name="test_public_models_do_not_advertise_unloaded_immutable_models" time="0.033" /><testcase classname="tests.runtime_adversary.test_confirmed_runtime_defects" name="test_malformed_or_unknown_controls_fail_before_generation[&lt;lambda&gt;0]" time="0.003" /><testcase classname="tests.runtime_adversary.test_confirmed_runtime_defects" name="test_malformed_or_unknown_controls_fail_before_generation[&lt;lambda&gt;1]" time="0.004" /><testcase classname="tests.runtime_adversary.test_confirmed_runtime_defects" name="test_malformed_or_unknown_controls_fail_before_generation[&lt;lambda&gt;2]" time="0.004" /><testcase classname="tests.runtime_adversary.test_confirmed_runtime_defects" name="test_malformed_or_unknown_controls_fail_before_generation[&lt;lambda&gt;3]" time="0.020" /><testcase classname="tests.runtime_adversary.test_confirmed_runtime_defects" name="test_persona_stream_obeys_sse_contract_and_terminates" time="0.046" /><testcase classname="tests.runtime_adversary.test_confirmed_runtime_defects" name="test_configuration_hash_covers_prompt_seed_sampling_and_grammar" time="0.283" /><testcase classname="tests.runtime_adversary.test_confirmed_runtime_defects" name="test_compare_route_reaches_processor_and_rejects_unsupported_controls" time="0.004" /><testcase classname="tests.runtime_adversary.test_confirmed_runtime_defects" name="test_moe_rejects_unsupported_before_first_generation" time="0.002" /><testcase classname="tests.unit.test_existing_llm_handler.TestDefect1Fixed_ContentIsString" name="test_generate_response_returns_string_content" time="0.002" /><testcase classname="tests.unit.test_existing_llm_handler.TestDefect2Fixed_Awaited" name="test_get_token_metrics_is_awaited_in_source" time="0.001" /><testcase classname="tests.unit.test_existing_llm_handler.TestDefect4Fixed_NoAwaitOnSyncClient" name="test_config_suggester_no_longer_awaits_sync_client" time="0.001" /><testcase classname="tests.unit.test_existing_llm_handler.TestDefect5Fixed_ModelReflected" name="test_generate_response_accepts_model_param" time="0.001" /><testcase classname="tests.unit.test_existing_llm_handler.TestDefect5Fixed_ModelReflected" name="test_model_field_in_response" time="0.001" /><testcase classname="tests.unit.test_existing_llm_handler.TestDefect8Fixed_InferenceErrorRaised" name="test_generate_response_raises_on_failure" time="0.002" /><testcase classname="tests.unit.test_existing_llm_handler.TestDefect8Fixed_InferenceErrorRaised" name="test_inference_error_has_correct_fields" time="0.001" /><testcase classname="tests.unit.test_existing_nram.TestDefect7Fixed_NoNpSoftmax" name="test_numpy_has_no_softmax" time="0.001" /><testcase classname="tests.unit.test_existing_nram.TestDefect7Fixed_NoNpSoftmax" name="test_nram_update_state_no_longer_raises" time="0.001" /><testcase classname="tests.unit.test_existing_nram.TestDefect7Fixed_NoNpSoftmax" name="test_attention_weights_are_finite" time="0.001" /><testcase classname="tests.unit.test_existing_nram.TestDefect9Fixed_ContentPreserved" name="test_process_messages_returns_unchanged_content" time="0.001" /><testcase classname="tests.unit.test_existing_nram.TestDefect9Fixed_ContentPreserved" name="test_no_prefix_added" time="0.001" /><testcase classname="tests.unit.test_existing_nram.TestDefect9Fixed_ContentPreserved" name="test_no_symbols_injected" time="0.002" /><testcase classname="tests.unit.test_existing_nram.TestDefect9Fixed_ContentPreserved" name="test_multi_message_preservation" time="0.001" /><testcase classname="tests.unit.test_existing_nram.TestNRAMBasics" name="test_nram_initialization" time="0.001" /><testcase classname="tests.unit.test_existing_nram.TestNRAMBasics" name="test_get_consciousness_level" time="0.001" /><testcase classname="tests.unit.test_existing_nram.TestNRAMBasics" name="test_reset_state" time="0.001" /><testcase classname="tests.unit.test_existing_nram.TestNRAMBasics" name="test_get_explorer_state_returns_dict" time="0.002" /><testcase classname="tests.unit.test_existing_nram.TestNRAMBasics" name="test_update_configuration" time="0.001" /><testcase classname="tests.unit.test_logit_processor.TestLogitProcessor" name="test_positive_bias_increases_logits" time="0.002" /><testcase classname="tests.unit.test_logit_processor.TestLogitProcessor" name="test_negative_bias_decreases_logits" time="0.001" /><testcase classname="tests.unit.test_logit_processor.TestLogitProcessor" name="test_forbidden_tokens_negative_infinity" time="0.001" /><testcase classname="tests.unit.test_logit_processor.TestLogitProcessor" name="test_repetition_penalty_on_recent_tokens" time="0.001" /><testcase classname="tests.unit.test_logit_processor.TestLogitProcessor" name="test_out_of_range_ids_ignored" time="0.001" /><testcase classname="tests.unit.test_logit_processor.TestLogitProcessor" name="test_invalid_param_types_do_not_crash" time="0.001" /><testcase classname="tests.unit.test_logit_processor.TestLogitProcessor" name="test_batch_isolation" time="0.001" /><testcase classname="tests.unit.test_logit_processor.TestLogitProcessor" name="test_empty_params_returns_logits" time="0.001" /><testcase classname="tests.unit.test_logit_processor.TestLogitProcessor" name="test_bias_clamped_to_bounds" time="0.001" /><testcase classname="tests.unit.test_logit_processor.TestProcessorSerialization" name="test_dill_roundtrip_preserves_behavior" time="0.001" /><testcase classname="tests.unit.test_logit_processor.TestProcessorSerialization" name="test_serialize_processor_helper_returns_hex" time="0.001" /><testcase classname="tests.unit.test_logit_processor.TestForcedTokenProof" name="test_forced_token_is_argmax" time="0.001" /><testcase classname="tests.unit.test_nram_state.TestNRAMState" name="test_default_state_within_bounds" time="0.001" /><testcase classname="tests.unit.test_nram_state.TestNRAMState" name="test_extra_fields_forbidden" time="0.001" /><testcase classname="tests.unit.test_nram_state.TestNRAMState" name="test_out_of_range_rejected" time="0.001" /><testcase classname="tests.unit.test_nram_state.TestNRAMState" name="test_negative_generated_tokens_rejected" time="0.001" /><testcase classname="tests.unit.test_nram_state.TestVisionaryProfile" name="test_profile_is_immutable_copy" time="0.001" /><testcase classname="tests.unit.test_nram_state.TestVisionaryProfile" name="test_profile_registered" time="0.001" /><testcase classname="tests.unit.test_nram_state.TestVisionaryProfile" name="test_profile_has_high_visionary_and_jargon_penalty" time="0.001" /><testcase classname="tests.unit.test_nram_v5_final_remediation" name="test_public_nonfinite_sampling_is_stable_422_and_never_calls_engine[temperature-nan]" time="0.004" /><testcase classname="tests.unit.test_nram_v5_final_remediation" name="test_public_nonfinite_sampling_is_stable_422_and_never_calls_engine[temperature-inf]" time="0.004" /><testcase classname="tests.unit.test_nram_v5_final_remediation" name="test_public_nonfinite_sampling_is_stable_422_and_never_calls_engine[temperature--inf]" time="0.004" /><testcase classname="tests.unit.test_nram_v5_final_remediation" name="test_public_nonfinite_sampling_is_stable_422_and_never_calls_engine[top_p-nan]" time="0.003" /><testcase classname="tests.unit.test_nram_v5_final_remediation" name="test_public_nonfinite_sampling_is_stable_422_and_never_calls_engine[top_p-inf]" time="0.003" /><testcase classname="tests.unit.test_nram_v5_final_remediation" name="test_public_nonfinite_sampling_is_stable_422_and_never_calls_engine[top_p--inf]" time="0.004" /><testcase classname="tests.unit.test_nram_v5_final_remediation" name="test_public_nonfinite_sampling_is_stable_422_and_never_calls_engine[frequency_penalty-nan]" time="0.004" /><testcase classname="tests.unit.test_nram_v5_final_remediation" name="test_public_nonfinite_sampling_is_stable_422_and_never_calls_engine[frequency_penalty-inf]" time="0.004" /><testcase classname="tests.unit.test_nram_v5_final_remediation" name="test_public_nonfinite_sampling_is_stable_422_and_never_calls_engine[frequency_penalty--inf]" time="0.004" /><testcase classname="tests.unit.test_nram_v5_final_remediation" name="test_public_nonfinite_sampling_is_stable_422_and_never_calls_engine[presence_penalty-nan]" time="0.004" /><testcase classname="tests.unit.test_nram_v5_final_remediation" name="test_public_nonfinite_sampling_is_stable_422_and_never_calls_engine[presence_penalty-inf]" time="0.004" /><testcase classname="tests.unit.test_nram_v5_final_remediation" name="test_public_nonfinite_sampling_is_stable_422_and_never_calls_engine[presence_penalty--inf]" time="0.003" /><testcase classname="tests.unit.test_nram_v5_final_remediation" name="test_public_sampling_boundaries[temperature-accepted0-rejected0]" time="0.001" /><testcase classname="tests.unit.test_nram_v5_final_remediation" name="test_public_sampling_boundaries[top_p-accepted1-rejected1]" time="0.001" /><testcase classname="tests.unit.test_nram_v5_final_remediation" name="test_public_sampling_boundaries[frequency_penalty-accepted2-rejected2]" time="0.001" /><testcase classname="tests.unit.test_nram_v5_final_remediation" name="test_public_sampling_boundaries[presence_penalty-accepted3-rejected3]" time="0.001" /><testcase classname="tests.unit.test_nram_v5_final_remediation" name="test_nested_nonfinite_is_machine_readable_400_with_zero_engine_calls[nan]" time="0.004" /><testcase classname="tests.unit.test_nram_v5_final_remediation" name="test_nested_nonfinite_is_machine_readable_400_with_zero_engine_calls[inf]" time="0.005" /><testcase classname="tests.unit.test_nram_v5_final_remediation" name="test_nested_nonfinite_is_machine_readable_400_with_zero_engine_calls[-inf]" time="0.005" /><testcase classname="tests.unit.test_nram_v5_final_remediation" name="test_every_top_level_nram_float_rejects_nonfinite[nan-intensity]" time="0.001" /><testcase classname="tests.unit.test_nram_v5_final_remediation" name="test_every_top_level_nram_float_rejects_nonfinite[nan-vocabulary_logit_vector_clip]" time="0.001" /><testcase classname="tests.unit.test_nram_v5_final_remediation" name="test_every_top_level_nram_float_rejects_nonfinite[nan-entropy_kp]" time="0.001" /><testcase classname="tests.unit.test_nram_v5_final_remediation" name="test_every_top_level_nram_float_rejects_nonfinite[nan-entropy_ki]" time="0.001" /><testcase classname="tests.unit.test_nram_v5_final_remediation" name="test_every_top_level_nram_float_rejects_nonfinite[nan-entropy_kd]" time="0.001" /><testcase classname="tests.unit.test_nram_v5_final_remediation" name="test_every_top_level_nram_float_rejects_nonfinite[nan-entropy_integral_limit]" time="0.001" /><testcase classname="tests.unit.test_nram_v5_final_remediation" name="test_every_top_level_nram_float_rejects_nonfinite[nan-entropy_scale_min]" time="0.001" /><testcase classname="tests.unit.test_nram_v5_final_remediation" name="test_every_top_level_nram_float_rejects_nonfinite[nan-entropy_scale_max]" time="0.001" /><testcase classname="tests.unit.test_nram_v5_final_remediation" name="test_every_top_level_nram_float_rejects_nonfinite[nan-concept_strength]" time="0.001" /><testcase classname="tests.unit.test_nram_v5_final_remediation" name="test_every_top_level_nram_float_rejects_nonfinite[nan-visionary_intensity]" time="0.001" /><testcase classname="tests.unit.test_nram_v5_final_remediation" name="test_every_top_level_nram_float_rejects_nonfinite[nan-contrarian_force]" time="0.001" /><testcase classname="tests.unit.test_nram_v5_final_remediation" name="test_every_top_level_nram_float_rejects_nonfinite[nan-product_obsession]" time="0.001" /><testcase classname="tests.unit.test_nram_v5_final_remediation" name="test_every_top_level_nram_float_rejects_nonfinite[nan-human_focus]" time="0.001" /><testcase classname="tests.unit.test_nram_v5_final_remediation" name="test_every_top_level_nram_float_rejects_nonfinite[nan-rhetorical_compression]" time="0.001" /><testcase classname="tests.unit.test_nram_v5_final_remediation" name="test_every_top_level_nram_float_rejects_nonfinite[nan-associative_distance]" time="0.001" /><testcase classname="tests.unit.test_nram_v5_final_remediation" name="test_every_top_level_nram_float_rejects_nonfinite[nan-theatricality]" time="0.001" /><testcase classname="tests.unit.test_nram_v5_final_remediation" name="test_every_top_level_nram_float_rejects_nonfinite[nan-emotional_voltage]" time="0.001" /><testcase classname="tests.unit.test_nram_v5_final_remediation" name="test_every_top_level_nram_float_rejects_nonfinite[nan-coherence_floor]" time="0.001" /><testcase classname="tests.unit.test_nram_v5_final_remediation" name="test_every_top_level_nram_float_rejects_nonfinite[nan-novelty_target]" time="0.001" /><testcase classname="tests.unit.test_nram_v5_final_remediation" name="test_every_top_level_nram_float_rejects_nonfinite[nan-repetition_penalty]" time="0.001" /><testcase classname="tests.unit.test_nram_v5_final_remediation" name="test_every_top_level_nram_float_rejects_nonfinite[nan-corporate_jargon_penalty]" time="0.001" /><testcase classname="tests.unit.test_nram_v5_final_remediation" name="test_every_top_level_nram_float_rejects_nonfinite[inf-intensity]" time="0.001" /><testcase classname="tests.unit.test_nram_v5_final_remediation" name="test_every_top_level_nram_float_rejects_nonfinite[inf-vocabulary_logit_vector_clip]" time="0.001" /><testcase classname="tests.unit.test_nram_v5_final_remediation" name="test_every_top_level_nram_float_rejects_nonfinite[inf-entropy_kp]" time="0.001" /><testcase classname="tests.unit.test_nram_v5_final_remediation" name="test_every_top_level_nram_float_rejects_nonfinite[inf-entropy_ki]" time="0.001" /><testcase classname="tests.unit.test_nram_v5_final_remediation" name="test_every_top_level_nram_float_rejects_nonfinite[inf-entropy_kd]" time="0.001" /><testcase classname="tests.unit.test_nram_v5_final_remediation" name="test_every_top_level_nram_float_rejects_nonfinite[inf-entropy_integral_limit]" time="0.001" /><testcase classname="tests.unit.test_nram_v5_final_remediation" name="test_every_top_level_nram_float_rejects_nonfinite[inf-entropy_scale_min]" time="0.001" /><testcase classname="tests.unit.test_nram_v5_final_remediation" name="test_every_top_level_nram_float_rejects_nonfinite[inf-entropy_scale_max]" time="0.001" /><testcase classname="tests.unit.test_nram_v5_final_remediation" name="test_every_top_level_nram_float_rejects_nonfinite[inf-concept_strength]" time="0.001" /><testcase classname="tests.unit.test_nram_v5_final_remediation" name="test_every_top_level_nram_float_rejects_nonfinite[inf-visionary_intensity]" time="0.001" /><testcase classname="tests.unit.test_nram_v5_final_remediation" name="test_every_top_level_nram_float_rejects_nonfinite[inf-contrarian_force]" time="0.001" /><testcase classname="tests.unit.test_nram_v5_final_remediation" name="test_every_top_level_nram_float_rejects_nonfinite[inf-product_obsession]" time="0.001" /><testcase classname="tests.unit.test_nram_v5_final_remediation" name="test_every_top_level_nram_float_rejects_nonfinite[inf-human_focus]" time="0.001" /><testcase classname="tests.unit.test_nram_v5_final_remediation" name="test_every_top_level_nram_float_rejects_nonfinite[inf-rhetorical_compression]" time="0.001" /><testcase classname="tests.unit.test_nram_v5_final_remediation" name="test_every_top_level_nram_float_rejects_nonfinite[inf-associative_distance]" time="0.001" /><testcase classname="tests.unit.test_nram_v5_final_remediation" name="test_every_top_level_nram_float_rejects_nonfinite[inf-theatricality]" time="0.001" /><testcase classname="tests.unit.test_nram_v5_final_remediation" name="test_every_top_level_nram_float_rejects_nonfinite[inf-emotional_voltage]" time="0.001" /><testcase classname="tests.unit.test_nram_v5_final_remediation" name="test_every_top_level_nram_float_rejects_nonfinite[inf-coherence_floor]" time="0.001" /><testcase classname="tests.unit.test_nram_v5_final_remediation" name="test_every_top_level_nram_float_rejects_nonfinite[inf-novelty_target]" time="0.001" /><testcase classname="tests.unit.test_nram_v5_final_remediation" name="test_every_top_level_nram_float_rejects_nonfinite[inf-repetition_penalty]" time="0.001" /><testcase classname="tests.unit.test_nram_v5_final_remediation" name="test_every_top_level_nram_float_rejects_nonfinite[inf-corporate_jargon_penalty]" time="0.001" /><testcase classname="tests.unit.test_nram_v5_final_remediation" name="test_every_top_level_nram_float_rejects_nonfinite[-inf-intensity]" time="0.001" /><testcase classname="tests.unit.test_nram_v5_final_remediation" name="test_every_top_level_nram_float_rejects_nonfinite[-inf-vocabulary_logit_vector_clip]" time="0.001" /><testcase classname="tests.unit.test_nram_v5_final_remediation" name="test_every_top_level_nram_float_rejects_nonfinite[-inf-entropy_kp]" time="0.001" /><testcase classname="tests.unit.test_nram_v5_final_remediation" name="test_every_top_level_nram_float_rejects_nonfinite[-inf-entropy_ki]" time="0.001" /><testcase classname="tests.unit.test_nram_v5_final_remediation" name="test_every_top_level_nram_float_rejects_nonfinite[-inf-entropy_kd]" time="0.001" /><testcase classname="tests.unit.test_nram_v5_final_remediation" name="test_every_top_level_nram_float_rejects_nonfinite[-inf-entropy_integral_limit]" time="0.001" /><testcase classname="tests.unit.test_nram_v5_final_remediation" name="test_every_top_level_nram_float_rejects_nonfinite[-inf-entropy_scale_min]" time="0.001" /><testcase classname="tests.unit.test_nram_v5_final_remediation" name="test_every_top_level_nram_float_rejects_nonfinite[-inf-entropy_scale_max]" time="0.001" /><testcase classname="tests.unit.test_nram_v5_final_remediation" name="test_every_top_level_nram_float_rejects_nonfinite[-inf-concept_strength]" time="0.001" /><testcase classname="tests.unit.test_nram_v5_final_remediation" name="test_every_top_level_nram_float_rejects_nonfinite[-inf-visionary_intensity]" time="0.001" /><testcase classname="tests.unit.test_nram_v5_final_remediation" name="test_every_top_level_nram_float_rejects_nonfinite[-inf-contrarian_force]" time="0.001" /><testcase classname="tests.unit.test_nram_v5_final_remediation" name="test_every_top_level_nram_float_rejects_nonfinite[-inf-product_obsession]" time="0.001" /><testcase classname="tests.unit.test_nram_v5_final_remediation" name="test_every_top_level_nram_float_rejects_nonfinite[-inf-human_focus]" time="0.001" /><testcase classname="tests.unit.test_nram_v5_final_remediation" name="test_every_top_level_nram_float_rejects_nonfinite[-inf-rhetorical_compression]" time="0.001" /><testcase classname="tests.unit.test_nram_v5_final_remediation" name="test_every_top_level_nram_float_rejects_nonfinite[-inf-associative_distance]" time="0.001" /><testcase classname="tests.unit.test_nram_v5_final_remediation" name="test_every_top_level_nram_float_rejects_nonfinite[-inf-theatricality]" time="0.001" /><testcase classname="tests.unit.test_nram_v5_final_remediation" name="test_every_top_level_nram_float_rejects_nonfinite[-inf-emotional_voltage]" time="0.001" /><testcase classname="tests.unit.test_nram_v5_final_remediation" name="test_every_top_level_nram_float_rejects_nonfinite[-inf-coherence_floor]" time="0.001" /><testcase classname="tests.unit.test_nram_v5_final_remediation" name="test_every_top_level_nram_float_rejects_nonfinite[-inf-novelty_target]" time="0.001" /><testcase classname="tests.unit.test_nram_v5_final_remediation" name="test_every_top_level_nram_float_rejects_nonfinite[-inf-repetition_penalty]" time="0.001" /><testcase classname="tests.unit.test_nram_v5_final_remediation" name="test_every_top_level_nram_float_rejects_nonfinite[-inf-corporate_jargon_penalty]" time="0.001" /><testcase classname="tests.unit.test_nram_v5_final_remediation" name="test_nested_nram_float_models_reject_nonfinite[nan]" time="0.001" /><testcase classname="tests.unit.test_nram_v5_final_remediation" name="test_nested_nram_float_models_reject_nonfinite[inf]" time="0.001" /><testcase classname="tests.unit.test_nram_v5_final_remediation" name="test_nested_nram_float_models_reject_nonfinite[-inf]" time="0.001" /><testcase classname="tests.unit.test_nram_v5_final_remediation" name="test_nonstream_asgi_disconnect_aborts_once_and_cancels_local_work" time="0.001" /><testcase classname="tests.unit.test_nram_v5_final_remediation" name="test_nonstream_normal_completion_has_no_abort_or_lingering_receive" time="0.001" /><testcase classname="tests.unit.test_nram_v5_final_remediation" name="test_stream_disconnect_and_generator_close_abort_exactly_once" time="0.001" /><testcase classname="tests.unit.test_nram_v5_final_remediation" name="test_stream_normal_done_has_no_abort" time="0.001" /><testcase classname="tests.unit.test_nram_v5_final_remediation" name="test_official_abort_transport_is_idempotent_per_scheduler_id" time="0.001" /><testcase classname="tests.unit.test_nram_v5_final_remediation" name="test_immediate_retry_gets_fresh_scheduler_identity" time="0.001" /><testcase classname="tests.unit.test_nram_v5_final_remediation" name="test_collector_git_clean_dirty_branch_and_detached_fixtures" time="0.689" /><testcase classname="tests.unit.test_nram_v5_final_remediation" name="test_collector_distinguishes_git_lf_checkout_crlf_and_normalization" time="0.228" /><testcase classname="tests.unit.test_nram_v5_final_remediation" name="test_collector_has_no_hard_coded_prior_implementation_sha" time="0.001" /><testcase classname="tests.unit.test_nram_v5_final_remediation" name="test_collector_fails_loudly_for_missing_git_prerequisite" time="0.026" /><testcase classname="tests.unit.test_nram_v5_final_remediation" name="test_collector_requires_explicit_container_to_repository_source_mapping" time="0.001" /><testcase classname="tests.unit.test_nram_v5_final_remediation" name="test_manifest_schema_supports_distinct_optional_evidence_commit" time="0.001" /><testcase classname="tests.unit.test_nram_v5_remediation" name="test_strict_nram_schema_rejects_confirmed_malformed_controls[options0]" time="0.001" /><testcase classname="tests.unit.test_nram_v5_remediation" name="test_strict_nram_schema_rejects_confirmed_malformed_controls[options1]" time="0.001" /><testcase classname="tests.unit.test_nram_v5_remediation" name="test_strict_nram_schema_rejects_confirmed_malformed_controls[options2]" time="0.001" /><testcase classname="tests.unit.test_nram_v5_remediation" name="test_strict_nram_schema_rejects_confirmed_malformed_controls[options3]" time="0.001" /><testcase classname="tests.unit.test_nram_v5_remediation" name="test_strict_nram_schema_rejects_confirmed_malformed_controls[options4]" time="0.001" /><testcase classname="tests.unit.test_nram_v5_remediation" name="test_strict_nram_schema_rejects_confirmed_malformed_controls[options5]" time="0.001" /><testcase classname="tests.unit.test_nram_v5_remediation" name="test_strict_nram_schema_rejects_confirmed_malformed_controls[options6]" time="0.001" /><testcase classname="tests.unit.test_nram_v5_remediation" name="test_top_level_schema_and_sampling_are_rejected_before_dispatch" time="0.001" /><testcase classname="tests.unit.test_nram_v5_remediation" name="test_tokenizer_undefined_padding_ids_rejected_for_every_sparse_control" time="0.001" /><testcase classname="tests.unit.test_nram_v5_remediation" name="test_local_auth_accepts_only_configured_token" time="0.001" /><testcase classname="tests.unit.test_nram_v5_remediation" name="test_applied_state_hash_changes_for_behavior_and_normalizes_newlines" time="0.229" /><testcase classname="tests.unit.test_nram_v5_remediation" name="test_phrase_builder_adds_leading_and_nonleading_tokenizer_variants" time="0.297" /><testcase classname="tests.unit.test_nram_v5_remediation" name="test_nonstream_disconnect_aborts_real_scheduler_id_before_cancel" time="0.003" /><testcase classname="tests.unit.test_nram_v5_remediation" name="test_moe_preserves_caller_bound_and_propagates_subrequest_error" time="0.002" /><testcase classname="tests.unit.test_nram_v5_remediation" name="test_session_snapshot_affects_request_and_records_real_response_accounting" time="0.001" /><testcase classname="tests.unit.test_nram_v5_remediation" name="test_comparison_preflights_both_arms_and_preserves_sampling" time="0.008" /><testcase classname="tests.unit.test_nram_v5_remediation" name="test_engine_stream_emits_public_identity_correlation_and_done" time="0.238" /><testcase classname="tests.unit.test_nram_v5_runtime_controls" name="test_phrase_and_source_masks_use_server_history_only" time="0.002" /><testcase classname="tests.unit.test_nram_v5_runtime_controls" name="test_pid_entropy_moves_toward_target[0.2--1]" time="0.002" /><testcase classname="tests.unit.test_nram_v5_runtime_controls" name="test_pid_entropy_moves_toward_target[2.5-1]" time="0.001" /><testcase classname="tests.unit.test_nram_v5_runtime_controls" name="test_pid_entropy_moves_toward_target[4.0-1]" time="0.001" /><testcase classname="tests.unit.test_nram_v5_runtime_controls" name="test_pid_state_is_request_isolated_and_resets" time="0.001" /><testcase classname="tests.unit.test_nram_v5_runtime_controls" name="test_soft_window_and_sparse_vocabulary_vectors_have_local_signed_effects" time="0.002" /><testcase classname="tests.unit.test_nram_v5_runtime_controls" name="test_processor_telemetry_never_truncates_explicit_forced_targets" time="0.002" /><testcase classname="tests.unit.test_nram_v5_runtime_controls" name="test_processor_telemetry_still_bounds_noncausal_steps" time="0.002" /><testcase classname="tests.unit.test_nram_v5_runtime_controls" name="test_no_finite_candidate_and_nan_rows_fail_without_unmasking" time="0.001" /><testcase classname="tests.unit.test_nram_v5_runtime_controls" name="test_fractional_token_ids_are_not_truncated_inside_processor" time="0.001" /><testcase classname="tests.unit.test_persona_compiler.TestPolicyCompilerDeterminism" name="test_identical_inputs_produce_identical_policy" time="0.001" /><testcase classname="tests.unit.test_persona_compiler.TestPolicyCompilerDeterminism" name="test_different_inputs_produce_different_hash" time="0.001" /><testcase classname="tests.unit.test_persona_compiler.TestBiasBounds" name="test_positive_bias_within_conservative_range" time="0.001" /><testcase classname="tests.unit.test_persona_compiler.TestBiasBounds" name="test_negative_bias_within_conservative_range" time="0.001" /><testcase classname="tests.unit.test_persona_compiler.TestBiasBounds" name="test_repetition_penalty_bounded" time="0.001" /><testcase classname="tests.unit.test_persona_compiler.TestBiasBounds" name="test_extreme_state_still_bounds_positive_bias" time="0.001" /><testcase classname="tests.unit.test_persona_compiler.TestLexemeFamilies" name="test_positive_lexemes_present" time="0.001" /><testcase classname="tests.unit.test_persona_compiler.TestLexemeFamilies" name="test_negative_lexemes_are_corporate_filler" time="0.001" /><testcase classname="tests.unit.test_persona_compiler.TestLexemeFamilies" name="test_developer_instruction_does_not_impersonate" time="0.001" /><testcase classname="tests.unit.test_phase_schedule.TestPhaseSchedule" name="test_opening_phase_no_scaling" time="0.001" /><testcase classname="tests.unit.test_phase_schedule.TestPhaseSchedule" name="test_contradiction_phase_boosts_negative" time="0.001" /><testcase classname="tests.unit.test_phase_schedule.TestPhaseSchedule" name="test_revelation_phase_boosts_positive" time="0.001" /><testcase classname="tests.unit.test_phase_schedule.TestPhaseSchedule" name="test_final_turn_boosts_repetition" time="0.001" /><testcase classname="tests.unit.test_phase_schedule.TestPhaseSchedule" name="test_no_max_tokens_disables_schedule" time="0.001" /><testcase classname="tests.unit.test_phase_schedule.TestPhaseSchedule" name="test_schedule_actually_changes_logits" time="0.001" /><testcase classname="tests.unit.test_phase_schedule.TestPhaseSchedule" name="test_request_state_isolated" time="0.001" /><testcase classname="tests.unit.test_phenomena_mixer.TestPhenomenonOverlap" name="test_overlap_boosts_recent_tokens" time="0.001" /><testcase classname="tests.unit.test_phenomena_mixer.TestPhenomenonOverlap" name="test_overlap_weight_zero_no_effect" time="0.001" /><testcase classname="tests.unit.test_phenomena_mixer.TestPhenomenonOverlap" name="test_overlap_below_threshold_no_effect" time="0.001" /><testcase classname="tests.unit.test_phenomena_mixer.TestPhenomenonOverlap" name="test_overlap_with_empty_history" time="0.001" /><testcase classname="tests.unit.test_phenomena_mixer.TestPhenomenonForgetting" name="test_forgetting_penalizes_recent_tokens" time="0.001" /><testcase classname="tests.unit.test_phenomena_mixer.TestPhenomenonForgetting" name="test_forgetting_weight_zero_no_effect" time="0.001" /><testcase classname="tests.unit.test_phenomena_mixer.TestPhenomenonLooping" name="test_looping_rewards_recent_tokens" time="0.001" /><testcase classname="tests.unit.test_phenomena_mixer.TestPhenomenonLooping" name="test_looping_window_is_16_tokens" time="0.001" /><testcase classname="tests.unit.test_phenomena_mixer.TestPhenomenonAssociativeJump" name="test_associative_jump_flattens_logits" time="0.001" /><testcase classname="tests.unit.test_phenomena_mixer.TestPhenomenonAssociativeJump" name="test_associative_jump_weight_zero_no_effect" time="0.001" /><testcase classname="tests.unit.test_phenomena_mixer.TestPhenomenonSynesthesia" name="test_synesthesia_adds_noise_to_scattered_tokens" time="0.001" /><testcase classname="tests.unit.test_phenomena_mixer.TestPhenomenonSynesthesia" name="test_synesthesia_pattern_shifts_with_generation" time="0.001" /><testcase classname="tests.unit.test_phenomena_mixer.TestPhenomenonDissolution" name="test_dissolution_scales_logits_toward_zero" time="0.001" /><testcase classname="tests.unit.test_phenomena_mixer.TestPhenomenonDissolution" name="test_dissolution_is_strongest_effect" time="0.001" /><testcase classname="tests.unit.test_phenomena_mixer.TestPhenomenonInsight" name="test_insight_spikes_at_25_percent" time="0.001" /><testcase classname="tests.unit.test_phenomena_mixer.TestPhenomenonInsight" name="test_insight_spikes_at_50_percent" time="0.001" /><testcase classname="tests.unit.test_phenomena_mixer.TestPhenomenonInsight" name="test_insight_spikes_at_75_percent" time="0.001" /><testcase classname="tests.unit.test_phenomena_mixer.TestPhenomenonInsight" name="test_insight_no_spike_outside_windows" time="0.001" /><testcase classname="tests.unit.test_phenomena_mixer.TestPhenomenonCombinations" name="test_overlap_and_forgetting_cancel_partially" time="0.001" /><testcase classname="tests.unit.test_phenomena_mixer.TestPhenomenonCombinations" name="test_all_phenomena_no_crash" time="0.001" /><testcase classname="tests.unit.test_phenomena_mixer.TestPhenomenonCombinations" name="test_phenomena_require_request" time="0.001" /><testcase classname="tests.unit.test_planner.TestPlanner" name="test_valid_plan_parsed" time="0.002" /><testcase classname="tests.unit.test_planner.TestPlanner" name="test_planner_temperature_in_range" time="0.002" /><testcase classname="tests.unit.test_planner.TestPlanner" name="test_planner_uses_structured_output" time="0.002" /><testcase classname="tests.unit.test_planner.TestPlanner" name="test_planner_failure_returns_none" time="0.002" /><testcase classname="tests.unit.test_planner.TestPlanner" name="test_invalid_json_returns_none" time="0.002" /><testcase classname="tests.unit.test_planner.TestPlanner" name="test_planner_disabled_returns_none" time="0.001" /><testcase classname="tests.unit.test_planner.TestPlanner" name="test_plan_to_fragment_contains_fields" time="0.001" /><testcase classname="tests.unit.test_serialization.TestSerializeProcessor" name="test_serialize_processor_returns_json_string" time="0.001" /><testcase classname="tests.unit.test_serialization.TestSerializeProcessor" name="test_serialize_processor_contains_callable" time="0.001" /><testcase classname="tests.unit.test_serialization.TestSerializeProcessor" name="test_serialize_processor_roundtrip" time="0.001" /><testcase classname="tests.unit.test_serialization.TestBuildCustomParams" name="test_build_custom_params_basic" time="0.001" /><testcase classname="tests.unit.test_serialization.TestBuildCustomParams" name="test_build_custom_params_with_phenomena" time="0.001" /><testcase classname="tests.unit.test_serialization.TestBuildCustomParams" name="test_build_custom_params_minimal" time="0.001" /><testcase classname="tests.unit.test_serialization.TestBuildCustomParams" name="test_build_custom_params_with_max_tokens" time="0.001" /><testcase classname="tests.unit.test_serialization.TestBuildCustomParams" name="test_build_custom_params_preserves_all_fields" time="0.001" /><testcase classname="tests.unit.test_serialization.TestBuildCustomParams" name="test_build_custom_params_no_phenomena_omits_key" time="0.001" /><testcase classname="tests.unit.test_stream_reasoning.TestStripReasoning" name="test_removes_complete_think_block" time="0.001" /><testcase classname="tests.unit.test_stream_reasoning.TestStripReasoning" name="test_no_think_block_unchanged" time="0.001" /><testcase classname="tests.unit.test_stream_reasoning.TestStripReasoning" name="test_multiple_blocks_removed" time="0.001" /><testcase classname="tests.unit.test_stream_reasoning.TestStripReasoning" name="test_empty_after_strip" time="0.001" /><testcase classname="tests.unit.test_stream_reasoning.TestStripReasoning" name="test_multiline_reasoning" time="0.001" /><testcase classname="tests.unit.test_stream_reasoning.TestStreamState" name="test_plain_content_passes_through" time="0.001" /><testcase classname="tests.unit.test_stream_reasoning.TestStreamState" name="test_model_rewritten_to_public_alias" time="0.001" /><testcase classname="tests.unit.test_stream_reasoning.TestStreamState" name="test_complete_reasoning_block_suppressed" time="0.001" /><testcase classname="tests.unit.test_stream_reasoning.TestStreamState" name="test_partial_reasoning_buffered_until_close" time="0.001" /><testcase classname="tests.unit.test_stream_reasoning.TestStreamState" name="test_done_line_yields_nothing" time="0.001" /><testcase classname="tests.unit.test_stream_reasoning.TestStreamState" name="test_unparseable_line_dropped" time="0.001" /><testcase classname="tests.unit.test_stream_reasoning.TestStreamState" name="test_finish_reason_chunk_preserved" time="0.001" /><testcase classname="tests.unit.test_token_bias.TestTokenBiasCompiler" name="test_single_token_lexeme_selected" time="0.001" /><testcase classname="tests.unit.test_token_bias.TestTokenBiasCompiler" name="test_multi_token_lexeme_skipped" time="0.001" /><testcase classname="tests.unit.test_token_bias.TestTokenBiasCompiler" name="test_punctuation_never_biased" time="0.001" /><testcase classname="tests.unit.test_token_bias.TestTokenBiasCompiler" name="test_ids_deduplicated" time="0.001" /><testcase classname="tests.unit.test_token_bias.TestTokenBiasCompiler" name="test_ids_validated_against_vocab" time="0.001" /><testcase classname="tests.unit.test_token_bias.TestTokenBiasCompiler" name="test_bias_values_propagated" time="0.001" /><testcase classname="tests.unit.test_token_bias.TestTokenBiasCompiler" name="test_diagnostics_include_skipped_reason" time="0.001" /><testcase classname="tests.unit.test_workflow_store.TestWorkflowStore" name="test_create_workflow" time="0.019" /><testcase classname="tests.unit.test_workflow_store.TestWorkflowStore" name="test_get_workflow" time="0.018" /><testcase classname="tests.unit.test_workflow_store.TestWorkflowStore" name="test_get_nonexistent_workflow" time="0.015" /><testcase classname="tests.unit.test_workflow_store.TestWorkflowStore" name="test_update_workflow" time="0.020" /><testcase classname="tests.unit.test_workflow_store.TestWorkflowStore" name="test_list_workflows" time="0.023" /><testcase classname="tests.unit.test_workflow_store.TestWorkflowStore" name="test_add_event" time="0.020" /><testcase classname="tests.unit.test_workflow_store.TestWorkflowStore" name="test_get_events_ordered_by_sequence" time="0.023" /><testcase classname="tests.unit.test_workflow_store.TestWorkflowStore" name="test_store_and_get_artifact" time="0.018" /><testcase classname="tests.unit.test_workflow_store.TestWorkflowStore" name="test_get_artifacts_by_type" time="0.023" /><testcase classname="tests.unit.test_workflow_store.TestWorkflowStore" name="test_workflow_persistence_across_store_instances" time="0.020" /></testsuite></testsuites>