<?xml version="1.0" encoding="utf-8"?><testsuites name="pytest tests"><testsuite name="pytest" errors="0" failures="0" skipped="0" tests="9" time="30.118" timestamp="2026-07-28T05:44:58.978892+02:00" hostname="WIN-LECQMSG5OQP"><testcase classname="tests.gpu.test_forced_token_proof" name="test_forced_token_public_api_same_seed_control" time="0.408" /><testcase classname="tests.gpu.test_forced_token_proof" name="test_api_and_server_use_same_qwen_tokenizer_artifact" time="5.146" /><testcase classname="tests.gpu.test_logit_controls" name="test_live_pid_low_medium_high_and_request_reset" time="2.058" /><testcase classname="tests.gpu.test_logit_controls" name="test_live_capsule_soft_window_and_sparse_vector_deltas" time="4.794" /><testcase classname="tests.gpu.test_structural_controls" name="test_bilingual_overlapping_phrase_completion_is_masked[ forbidden horizon]" time="2.254" /><testcase classname="tests.gpu.test_structural_controls" name="test_bilingual_overlapping_phrase_completion_is_masked[ zak\xe1zan\xfd obzor]" time="2.885" /><testcase classname="tests.gpu.test_structural_controls" name="test_exact_source_eight_token_continuation_is_masked" time="2.805" /><testcase classname="tests.gpu.test_structural_controls" name="test_phrase_mask_composes_with_live_json_grammar" time="7.284" /><testcase classname="tests.gpu.test_structural_controls" name="test_streamed_steps_use_same_request_history" time="2.427" /></testsuite></testsuites>