<?xml version="1.0" encoding="utf-8"?><testsuites name="pytest tests"><testsuite name="pytest" errors="0" failures="0" skipped="0" tests="5" time="14.580" timestamp="2026-07-27T21:27:00.686490+02:00" hostname="WIN-LECQMSG5OQP"><testcase classname="tests.gpu.test_forced_token_proof" name="test_forced_token_public_api_same_seed_control" time="1.609" /><testcase classname="tests.gpu.test_forced_token_proof" name="test_api_and_server_use_same_qwen_tokenizer_artifact" time="5.837" /><testcase classname="tests.gpu.test_structural_controls" name="test_bilingual_overlapping_phrase_completion_is_masked[ forbidden horizon]" time="2.382" /><testcase classname="tests.gpu.test_structural_controls" name="test_bilingual_overlapping_phrase_completion_is_masked[ zak\xe1zan\xfd obzor]" time="2.331" /><testcase classname="tests.gpu.test_structural_controls" name="test_exact_source_eight_token_continuation_is_masked" time="2.360" /></testsuite></testsuites>