<?xml version="1.0" encoding="utf-8"?><testsuites name="pytest tests"><testsuite name="pytest" errors="0" failures="9" skipped="0" tests="282" time="18.142" timestamp="2026-07-27T20:26:13.419075+02:00" hostname="WIN-LECQMSG5OQP"><testcase classname="tests.adversarial.test_end_to_end_logit_processor.TestEndToEndLogitProcessor" name="test_full_generation_simulation_without_req" time="0.001" /><testcase classname="tests.adversarial.test_end_to_end_logit_processor.TestEndToEndLogitProcessor" name="test_full_generation_simulation_with_req" time="0.001" /><testcase classname="tests.adversarial.test_end_to_end_logit_processor.TestEndToEndLogitProcessor" name="test_comparison_baseline_vs_nram_without_req" time="0.001" /><testcase classname="tests.adversarial.test_end_to_end_logit_processor.TestEndToEndLogitProcessor" name="test_phase_schedule_without_req" time="0.001" /><testcase classname="tests.adversarial.test_moe_synthesis.TestMoESynthesisConfiguration" name="test_moe_synthesis_uses_baseline_model" time="0.228" /><testcase classname="tests.adversarial.test_moe_synthesis.TestMoESynthesisConfiguration" name="test_moe_persona_queries_use_nram" time="0.173" /><testcase classname="tests.adversarial.test_moe_synthesis.TestMoESynthesisConfiguration" name="test_moe_synthesis_loses_persona_characteristics" time="0.173" /><testcase classname="tests.adversarial.test_moe_synthesis.TestMoESynthesisConfiguration" name="test_moe_synthesis_payload_lacks_custom_processor" time="0.175" /><testcase classname="tests.adversarial.test_phenomenon_activation.TestPhenomenonMixerActivation" name="test_phenomena_not_called_without_req" time="0.001" /><testcase classname="tests.adversarial.test_phenomenon_activation.TestPhenomenonMixerActivation" name="test_overlap_fires_with_req" time="0.001" /><testcase classname="tests.adversarial.test_phenomenon_activation.TestPhenomenonMixerActivation" name="test_repetition_penalty_requires_req" time="0.001" /><testcase classname="tests.adversarial.test_phenomenon_activation.TestPhenomenonMixerActivation" name="test_phenomena_gating_line_in_processor" time="0.002" /><testcase classname="tests.adversarial.test_phenomenon_activation.TestPhenomenonMixerActivation" name="test_comparison_overlap_with_vs_without_req" time="0.001" /><testcase classname="tests.adversarial.test_remediation_verification.TestDefect1Remediation" name="test_req_is_injected_into_custom_params" time="0.182"><failure message="AssertionError: FIX VERIFIED: __req__ is now injected into custom_params&#10;assert '__req__' in {'positive_token_ids': [], 'negative_token_ids': [], 'forbidden_token_ids': [], 'positive_bias': 1.0146, ...}">self = &lt;test_remediation_verification.TestDefect1Remediation object at 0x000001645F8E0D50&gt;

    @pytest.mark.asyncio
    async def test_req_is_injected_into_custom_params(self):
        """VERIFY FIX: __req__ IS present in custom_params after remediation."""
        # Arrange
        mock_tokenizer = MagicMock()
        mock_tokenizer.get_vocab.return_value = {"token1": 1, "token2": 2, "token3": 3}
        mock_tokenizer.encode.return_value = [1, 2, 3]
        mock_tokenizer.decode.return_value = "test"
    
        engine = SGLangEngine(
            base_url="http://localhost:30000/v1",
            model="nram-qwen3-14b-awq",
            tokenizer=mock_tokenizer,
        )
    
        request = ChatCompletionRequest(
            model="nram-qwen3-14b-awq",
            messages=[{"role": "user", "content": "Test prompt"}],
            nram={
                "enabled": True,
                "profile": "peak",
                "intensity": 0.9,
                "phenomenon_weights": {"overlap": 0.8, "forgetting": 0.6},
            },
            max_tokens=512,
        )
    
        # Act
        nram_enabled = engine._is_nram_enabled(request)
        assert nram_enabled, "NRAM should be enabled"
    
        payload = engine._build_upstream_payload(
            request,
            nram_enabled=True,
            developer_instruction="Test instruction",
            plan_fragment=None,
        )
    
        # Assert - FIX VERIFIED
        assert "custom_params" in payload, "custom_params should be in payload"
        custom_params = payload["custom_params"]
    
&gt;       assert "__req__" in custom_params, \
            "FIX VERIFIED: __req__ is now injected into custom_params"
E       AssertionError: FIX VERIFIED: __req__ is now injected into custom_params
E       assert '__req__' in {'positive_token_ids': [], 'negative_token_ids': [], 'forbidden_token_ids': [], 'positive_bias': 1.0146, ...}

tests\adversarial\test_remediation_verification.py:63: AssertionError</failure></testcase><testcase classname="tests.adversarial.test_remediation_verification.TestDefect1Remediation" name="test_dynamic_repetition_penalty_works" time="0.001" /><testcase classname="tests.adversarial.test_remediation_verification.TestDefect2Remediation" name="test_overlap_phenomenon_fires" time="0.001" /><testcase classname="tests.adversarial.test_remediation_verification.TestDefect2Remediation" name="test_forgetting_phenomenon_fires" time="0.001" /><testcase classname="tests.adversarial.test_remediation_verification.TestDefect2Remediation" name="test_looping_phenomenon_fires" time="0.001" /><testcase classname="tests.adversarial.test_remediation_verification.TestDefect2Remediation" name="test_associative_jump_phenomenon_fires" time="0.001" /><testcase classname="tests.adversarial.test_remediation_verification.TestDefect2Remediation" name="test_dissolution_phenomenon_fires" time="0.001" /><testcase classname="tests.adversarial.test_remediation_verification.TestDefect2Remediation" name="test_synesthesia_phenomenon_fires" time="0.001" /><testcase classname="tests.adversarial.test_remediation_verification.TestDefect2Remediation" name="test_phase_scheduling_works" time="0.001" /><testcase classname="tests.adversarial.test_remediation_verification.TestDefect3Remediation" name="test_moe_synthesis_uses_nram_model" time="0.170" /><testcase classname="tests.adversarial.test_remediation_verification.TestDefect3Remediation" name="test_moe_synthesis_payload_has_custom_processor" time="0.180"><failure message="AssertionError: FIX VERIFIED: synthesis custom_params has __req__&#10;assert '__req__' in {'positive_token_ids': [], 'negative_token_ids': [], 'forbidden_token_ids': [], 'positive_bias': 0.9054, ...}">self = &lt;test_remediation_verification.TestDefect3Remediation object at 0x000001645F8DB7D0&gt;

    @pytest.mark.asyncio
    async def test_moe_synthesis_payload_has_custom_processor(self):
        """VERIFY FIX: Synthesis payload includes custom_logit_processor."""
        # Arrange
        mock_tokenizer = MagicMock()
        mock_tokenizer.get_vocab.return_value = {"token1": 1, "token2": 2}
        mock_tokenizer.encode.return_value = [1, 2]
        mock_tokenizer.decode.return_value = "test"
    
        engine = SGLangEngine(
            base_url="http://localhost:30000/v1",
            model="qwen3-14b-awq",
            tokenizer=mock_tokenizer
        )
    
        # Synthesis request with NRAM (FIXED)
        synth_request = ChatCompletionRequest(
            model="nram-qwen3-14b-awq",
            messages=[{"role": "user", "content": "Synthesize"}],
            nram={
                "enabled": True,
                "profile": "visionary-peak",
                "intensity": 0.7,
            },
            max_tokens=2048
        )
    
        # Act
        nram_enabled = engine._is_nram_enabled(synth_request)
        payload = engine._build_upstream_payload(
            synth_request,
            nram_enabled=nram_enabled,
            developer_instruction="You are a synthesizer.",
            plan_fragment=None
        )
    
        # Assert - FIX VERIFIED
        assert "custom_logit_processor" in payload, \
            "FIX VERIFIED: synthesis has custom_logit_processor"
    
        assert "custom_params" in payload, \
            "FIX VERIFIED: synthesis has custom_params"
    
&gt;       assert "__req__" in payload["custom_params"], \
            "FIX VERIFIED: synthesis custom_params has __req__"
E       AssertionError: FIX VERIFIED: synthesis custom_params has __req__
E       assert '__req__' in {'positive_token_ids': [], 'negative_token_ids': [], 'forbidden_token_ids': [], 'positive_bias': 0.9054, ...}

tests\adversarial\test_remediation_verification.py:446: AssertionError</failure></testcase><testcase classname="tests.adversarial.test_remediation_verification.TestDefect3Remediation" name="test_synthesis_preserves_persona_characteristics" time="0.172" /><testcase classname="tests.adversarial.test_remediation_verification.TestIntegrationVerification" name="test_full_nram_pipeline_works" time="0.269"><failure message="AssertionError: Should have __req__ injected&#10;assert '__req__' in {'positive_token_ids': [], 'negative_token_ids': [], 'forbidden_token_ids': [], 'positive_bias': 1.0146, ...}">self = &lt;test_remediation_verification.TestIntegrationVerification object at 0x000001645F8DBD10&gt;

    @pytest.mark.asyncio
    async def test_full_nram_pipeline_works(self):
        """VERIFY FIX: Full NRAM pipeline works end-to-end."""
        # Arrange
        mock_tokenizer = MagicMock()
        mock_tokenizer.get_vocab.return_value = {"token1": 1, "token2": 2, "token3": 3}
        mock_tokenizer.encode.return_value = [1, 2, 3]
        mock_tokenizer.decode.return_value = "test"
    
        engine = SGLangEngine(
            base_url="http://localhost:30000/v1",
            model="nram-qwen3-14b-awq",
            tokenizer=mock_tokenizer,
        )
    
        request = ChatCompletionRequest(
            model="nram-qwen3-14b-awq",
            messages=[{"role": "user", "content": "Test prompt"}],
            nram={
                "enabled": True,
                "profile": "peak",
                "intensity": 0.9,
                "phenomenon_weights": {
                    "overlap": 0.8,
                    "forgetting": 0.6,
                    "looping": 0.7,
                },
            },
            max_tokens=512,
        )
    
        # Act
        nram_enabled = engine._is_nram_enabled(request)
        payload = engine._build_upstream_payload(
            request,
            nram_enabled=True,
            developer_instruction="Test instruction",
            plan_fragment=None,
        )
    
        # Assert - All fixes verified
        assert nram_enabled is True, "NRAM should be enabled"
        assert "custom_logit_processor" in payload, "Should have custom processor"
        assert "custom_params" in payload, "Should have custom params"
    
        custom_params = payload["custom_params"]
&gt;       assert "__req__" in custom_params, "Should have __req__ injected"
E       AssertionError: Should have __req__ injected
E       assert '__req__' in {'positive_token_ids': [], 'negative_token_ids': [], 'forbidden_token_ids': [], 'positive_bias': 1.0146, ...}

tests\adversarial\test_remediation_verification.py:559: AssertionError</failure></testcase><testcase classname="tests.adversarial.test_req_injection.TestReqInjection" name="test_build_custom_params_includes_req" time="0.001"><failure message="AssertionError: FIX VERIFIED: __req__ is present in custom_params&#10;assert '__req__' in {'positive_token_ids': [1, 2, 3], 'negative_token_ids': [4, 5, 6], 'forbidden_token_ids': [7, 8, 9], 'positive_bias': 0.5, ...}">self = &lt;test_req_injection.TestReqInjection object at 0x000001645F8C3410&gt;

    def test_build_custom_params_includes_req(self):
        """VERIFY: build_custom_params() output includes __req__ key."""
        # Arrange
        positive_ids = [1, 2, 3]
        negative_ids = [4, 5, 6]
        forbidden_ids = [7, 8, 9]
        positive_bias = 0.5
        negative_bias = 0.3
        repetition_penalty = 1.2
        profile = "peak"
        max_tokens = 512
        phenomenon_weights = {"overlap": 0.8, "forgetting": 0.6}
        mock_request = {"output_ids": [10, 20, 30]}  # Mock request object
    
        # Act
        custom_params = build_custom_params(
            positive_token_ids=positive_ids,
            negative_token_ids=negative_ids,
            forbidden_token_ids=forbidden_ids,
            positive_bias=positive_bias,
            negative_bias=negative_bias,
            repetition_penalty=repetition_penalty,
            profile=profile,
            max_tokens=max_tokens,
            phenomenon_weights=phenomenon_weights,
            request=mock_request,
        )
    
        # Assert - VERIFY the fix
&gt;       assert "__req__" in custom_params, \
            "FIX VERIFIED: __req__ is present in custom_params"
E       AssertionError: FIX VERIFIED: __req__ is present in custom_params
E       assert '__req__' in {'positive_token_ids': [1, 2, 3], 'negative_token_ids': [4, 5, 6], 'forbidden_token_ids': [7, 8, 9], 'positive_bias': 0.5, ...}

tests\adversarial\test_req_injection.py:54: AssertionError</failure></testcase><testcase classname="tests.adversarial.test_req_injection.TestReqInjection" name="test_sglang_payload_includes_req_in_custom_params" time="0.176"><failure message="AssertionError: FIX VERIFIED: __req__ is injected into custom_params&#10;assert '__req__' in {'positive_token_ids': [], 'negative_token_ids': [], 'forbidden_token_ids': [], 'positive_bias': 1.0146, ...}">self = &lt;test_req_injection.TestReqInjection object at 0x000001645F8C3A10&gt;

    @pytest.mark.asyncio
    async def test_sglang_payload_includes_req_in_custom_params(self):
        """VERIFY: SGLangEngine._build_upstream_payload() injects __req__."""
        # Arrange - create mock tokenizer
        mock_tokenizer = MagicMock()
        mock_tokenizer.get_vocab.return_value = {"token1": 1, "token2": 2, "token3": 3}
        mock_tokenizer.encode.return_value = [1, 2, 3]
        mock_tokenizer.decode.return_value = "test"
    
        # Create engine with tokenizer (required for bias compiler)
        engine = SGLangEngine(
            base_url="http://localhost:30000/v1",
            model="nram-qwen3-14b-awq",
            tokenizer=mock_tokenizer,
        )
    
        # Create request with NRAM enabled
        request = ChatCompletionRequest(
            model="nram-qwen3-14b-awq",
            messages=[{"role": "user", "content": "Test prompt"}],
            nram={
                "enabled": True,
                "profile": "peak",
                "intensity": 0.9,
                "phenomenon_weights": {"overlap": 0.8, "forgetting": 0.6},
            },
            max_tokens=512,
        )
    
        # Act
        nram_enabled = engine._is_nram_enabled(request)
        assert nram_enabled, "NRAM should be enabled for this request"
    
        payload = engine._build_upstream_payload(
            request,
            nram_enabled=True,
            developer_instruction="Test instruction",
            plan_fragment=None,
        )
    
        # Assert - VERIFY the fix
        assert "custom_params" in payload, "custom_params should be in payload"
        custom_params = payload["custom_params"]
    
&gt;       assert "__req__" in custom_params, \
            "FIX VERIFIED: __req__ is injected into custom_params"
E       AssertionError: FIX VERIFIED: __req__ is injected into custom_params
E       assert '__req__' in {'positive_token_ids': [], 'negative_token_ids': [], 'forbidden_token_ids': [], 'positive_bias': 1.0146, ...}

tests\adversarial\test_req_injection.py:117: AssertionError</failure></testcase><testcase classname="tests.adversarial.test_req_injection.TestReqInjection" name="test_logit_processor_request_is_none" time="0.001" /><testcase classname="tests.contract.test_openai_chat_contract.TestAuth" name="test_missing_auth_returns_401" time="1.380" /><testcase classname="tests.contract.test_openai_chat_contract.TestAuth" name="test_invalid_token_returns_401" time="0.004" /><testcase classname="tests.contract.test_openai_chat_contract.TestAuth" name="test_valid_token_returns_200" time="0.010" /><testcase classname="tests.contract.test_openai_chat_contract.TestRequestValidation" name="test_missing_messages_returns_400" time="0.005" /><testcase classname="tests.contract.test_openai_chat_contract.TestRequestValidation" name="test_invalid_message_format_returns_400" time="0.004" /><testcase classname="tests.contract.test_openai_chat_contract.TestErrorHandling" name="test_upstream_failure_returns_openai_error_not_fake_200" time="0.005" /><testcase classname="tests.contract.test_openai_chat_contract.TestContentPreservation" name="test_user_content_not_modified_by_nram" time="0.005" /><testcase classname="tests.contract.test_openai_chat_contract.TestModelAlias" name="test_requested_model_passed_to_llm_handler" time="0.005" /><testcase classname="tests.contract.test_openai_chat_contract.TestModelAlias" name="test_baseline_model_alias_works" time="0.004" /><testcase classname="tests.contract.test_openai_chat_contract.TestResponseShape" name="test_response_has_required_openai_fields" time="0.004" /><testcase classname="tests.contract.test_openai_chat_contract.TestResponseShape" name="test_content_is_string_not_dict" time="0.005" /><testcase classname="tests.contract.test_openai_models_contract.TestModelsEndpoint" name="test_models_requires_auth" time="0.003" /><testcase classname="tests.contract.test_openai_models_contract.TestModelsEndpoint" name="test_models_returns_both_aliases" time="0.004" /><testcase classname="tests.contract.test_openai_models_contract.TestModelsEndpoint" name="test_models_have_required_fields" time="0.003" /><testcase classname="tests.contract.test_sglang_engine_contract.TestAliasRouting" name="test_both_aliases_map_to_same_upstream" time="0.001" /><testcase classname="tests.contract.test_sglang_engine_contract.TestAliasRouting" name="test_only_nram_alias_is_steering_enabled" time="0.001" /><testcase classname="tests.contract.test_sglang_engine_contract.TestAliasRouting" name="test_is_nram_enabled_true_for_nram_alias" time="0.171" /><testcase classname="tests.contract.test_sglang_engine_contract.TestAliasRouting" name="test_is_nram_enabled_false_for_baseline" time="0.167" /><testcase classname="tests.contract.test_sglang_engine_contract.TestAliasRouting" name="test_nram_disabled_via_option" time="0.167" /><testcase classname="tests.contract.test_sglang_engine_contract.TestSecurityBoundary" name="test_forbidden_fields_constant" time="0.000" /><testcase classname="tests.contract.test_sglang_engine_contract.TestSecurityBoundary" name="test_client_cannot_inject_processor" time="0.167" /><testcase classname="tests.contract.test_sglang_engine_contract.TestSecurityBoundary" name="test_client_cannot_inject_serialized_processor" time="0.189" /><testcase classname="tests.contract.test_sglang_engine_contract.TestPayloadConstruction" name="test_baseline_has_no_processor" time="0.172" /><testcase classname="tests.contract.test_sglang_engine_contract.TestPayloadConstruction" name="test_nram_payload_has_processor_and_params" time="0.171" /><testcase classname="tests.contract.test_sglang_engine_contract.TestPayloadConstruction" name="test_user_content_preserved" time="0.167" /><testcase classname="tests.contract.test_sglang_engine_contract.TestPayloadConstruction" name="test_allowlist_filters_unknown_fields" time="0.166" /><testcase classname="tests.contract.test_sglang_engine_contract.TestPayloadConstruction" name="test_model_alias_resolved_in_payload" time="0.170" /><testcase classname="tests.contract.test_sglang_engine_contract.TestPayloadConstruction" name="test_custom_params_profile_reflects_request" time="0.181" /><testcase classname="tests.contract.test_sglang_engine_contract.TestPayloadConstruction" name="test_bias_values_within_bounds" time="0.205" /><testcase classname="tests.gpu.test_forced_token_proof" name="test_forced_token" time="2.479"><failure message="httpx.ConnectError: All connection attempts failed">@contextlib.contextmanager
    def map_httpcore_exceptions() -&gt; typing.Iterator[None]:
        global HTTPCORE_EXC_MAP
        if len(HTTPCORE_EXC_MAP) == 0:
            HTTPCORE_EXC_MAP = _load_httpcore_exceptions()
        try:
&gt;           yield

C:\Users\lukes.COREI9\AppData\Local\uv\cache\builds-v0\.tmpBDCP6w\Lib\site-packages\httpx\_transports\default.py:101: 
_ _ _ _ _ _ _ _ _ _ _ _ _ _ _ _ _ _ _ _ _ _ _ _ _ _ _ _ _ _ _ _ _ _ _ _ _ _ _ _

self = &lt;httpx.AsyncHTTPTransport object at 0x000001645E2B40D0&gt;
request = &lt;Request('POST', 'http://localhost:30000/v1/chat/completions')&gt;

    async def handle_async_request(
        self,
        request: Request,
    ) -&gt; Response:
        assert isinstance(request.stream, AsyncByteStream)
        import httpcore
    
        req = httpcore.Request(
            method=request.method,
            url=httpcore.URL(
                scheme=request.url.raw_scheme,
                host=request.url.raw_host,
                port=request.url.port,
                target=request.url.raw_path,
            ),
            headers=request.headers.raw,
            content=request.stream,
            extensions=request.extensions,
        )
        with map_httpcore_exceptions():
&gt;           resp = await self._pool.handle_async_request(req)
                   ^^^^^^^^^^^^^^^^^^^^^^^^^^^^^^^^^^^^^^^^^^

C:\Users\lukes.COREI9\AppData\Local\uv\cache\builds-v0\.tmpBDCP6w\Lib\site-packages\httpx\_transports\default.py:394: 
_ _ _ _ _ _ _ _ _ _ _ _ _ _ _ _ _ _ _ _ _ _ _ _ _ _ _ _ _ _ _ _ _ _ _ _ _ _ _ _

self = &lt;AsyncConnectionPool [Requests: 0 active, 0 queued | Connections: 0 active, 0 idle]&gt;
request = &lt;Request [b'POST']&gt;

    async def handle_async_request(self, request: Request) -&gt; Response:
        """
        Send an HTTP request, and return an HTTP response.
    
        This is the core implementation that is called into by `.request()` or `.stream()`.
        """
        scheme = request.url.scheme.decode()
        if scheme == "":
            raise UnsupportedProtocol(
                "Request URL is missing an 'http://' or 'https://' protocol."
            )
        if scheme not in ("http", "https", "ws", "wss"):
            raise UnsupportedProtocol(
                f"Request URL has an unsupported protocol '{scheme}://'."
            )
    
        timeouts = request.extensions.get("timeout", {})
        timeout = timeouts.get("pool", None)
    
        with self._optional_thread_lock:
            # Add the incoming request to our request queue.
            pool_request = AsyncPoolRequest(request)
            self._requests.append(pool_request)
    
        try:
            while True:
                with self._optional_thread_lock:
                    # Assign incoming requests to available connections,
                    # closing or creating new connections as required.
                    closing = self._assign_requests_to_connections()
                await self._close_connections(closing)
    
                # Wait until this request has an assigned connection.
                connection = await pool_request.wait_for_connection(timeout=timeout)
    
                try:
                    # Send the request on the assigned connection.
                    response = await connection.handle_async_request(
                        pool_request.request
                    )
                except ConnectionNotAvailable:
                    # In some cases a connection may initially be available to
                    # handle a request, but then become unavailable.
                    #
                    # In this case we clear the connection and try again.
                    pool_request.clear_connection()
                else:
                    break  # pragma: nocover
    
        except BaseException as exc:
            with self._optional_thread_lock:
                # For any exception or cancellation we remove the request from
                # the queue, and then re-assign requests to connections.
                self._requests.remove(pool_request)
                closing = self._assign_requests_to_connections()
    
            await self._close_connections(closing)
&gt;           raise exc from None

C:\Users\lukes.COREI9\AppData\Local\uv\cache\builds-v0\.tmpBDCP6w\Lib\site-packages\httpcore\_async\connection_pool.py:256: 
_ _ _ _ _ _ _ _ _ _ _ _ _ _ _ _ _ _ _ _ _ _ _ _ _ _ _ _ _ _ _ _ _ _ _ _ _ _ _ _

self = &lt;AsyncConnectionPool [Requests: 0 active, 0 queued | Connections: 0 active, 0 idle]&gt;
request = &lt;Request [b'POST']&gt;

    async def handle_async_request(self, request: Request) -&gt; Response:
        """
        Send an HTTP request, and return an HTTP response.
    
        This is the core implementation that is called into by `.request()` or `.stream()`.
        """
        scheme = request.url.scheme.decode()
        if scheme == "":
            raise UnsupportedProtocol(
                "Request URL is missing an 'http://' or 'https://' protocol."
            )
        if scheme not in ("http", "https", "ws", "wss"):
            raise UnsupportedProtocol(
                f"Request URL has an unsupported protocol '{scheme}://'."
            )
    
        timeouts = request.extensions.get("timeout", {})
        timeout = timeouts.get("pool", None)
    
        with self._optional_thread_lock:
            # Add the incoming request to our request queue.
            pool_request = AsyncPoolRequest(request)
            self._requests.append(pool_request)
    
        try:
            while True:
                with self._optional_thread_lock:
                    # Assign incoming requests to available connections,
                    # closing or creating new connections as required.
                    closing = self._assign_requests_to_connections()
                await self._close_connections(closing)
    
                # Wait until this request has an assigned connection.
                connection = await pool_request.wait_for_connection(timeout=timeout)
    
                try:
                    # Send the request on the assigned connection.
&gt;                   response = await connection.handle_async_request(
                        pool_request.request
                    )

C:\Users\lukes.COREI9\AppData\Local\uv\cache\builds-v0\.tmpBDCP6w\Lib\site-packages\httpcore\_async\connection_pool.py:236: 
_ _ _ _ _ _ _ _ _ _ _ _ _ _ _ _ _ _ _ _ _ _ _ _ _ _ _ _ _ _ _ _ _ _ _ _ _ _ _ _

self = &lt;AsyncHTTPConnection [CONNECTION FAILED]&gt;, request = &lt;Request [b'POST']&gt;

    async def handle_async_request(self, request: Request) -&gt; Response:
        if not self.can_handle_request(request.url.origin):
            raise RuntimeError(
                f"Attempted to send request to {request.url.origin} on connection to {self._origin}"
            )
    
        try:
            async with self._request_lock:
                if self._connection is None:
                    stream = await self._connect(request)
    
                    ssl_object = stream.get_extra_info("ssl_object")
                    http2_negotiated = (
                        ssl_object is not None
                        and ssl_object.selected_alpn_protocol() == "h2"
                    )
                    if http2_negotiated or (self._http2 and not self._http1):
                        from .http2 import AsyncHTTP2Connection
    
                        self._connection = AsyncHTTP2Connection(
                            origin=self._origin,
                            stream=stream,
                            keepalive_expiry=self._keepalive_expiry,
                        )
                    else:
                        self._connection = AsyncHTTP11Connection(
                            origin=self._origin,
                            stream=stream,
                            keepalive_expiry=self._keepalive_expiry,
                        )
        except BaseException as exc:
            self._connect_failed = True
&gt;           raise exc

C:\Users\lukes.COREI9\AppData\Local\uv\cache\builds-v0\.tmpBDCP6w\Lib\site-packages\httpcore\_async\connection.py:101: 
_ _ _ _ _ _ _ _ _ _ _ _ _ _ _ _ _ _ _ _ _ _ _ _ _ _ _ _ _ _ _ _ _ _ _ _ _ _ _ _

self = &lt;AsyncHTTPConnection [CONNECTION FAILED]&gt;, request = &lt;Request [b'POST']&gt;

    async def handle_async_request(self, request: Request) -&gt; Response:
        if not self.can_handle_request(request.url.origin):
            raise RuntimeError(
                f"Attempted to send request to {request.url.origin} on connection to {self._origin}"
            )
    
        try:
            async with self._request_lock:
                if self._connection is None:
&gt;                   stream = await self._connect(request)
                             ^^^^^^^^^^^^^^^^^^^^^^^^^^^^

C:\Users\lukes.COREI9\AppData\Local\uv\cache\builds-v0\.tmpBDCP6w\Lib\site-packages\httpcore\_async\connection.py:78: 
_ _ _ _ _ _ _ _ _ _ _ _ _ _ _ _ _ _ _ _ _ _ _ _ _ _ _ _ _ _ _ _ _ _ _ _ _ _ _ _

self = &lt;AsyncHTTPConnection [CONNECTION FAILED]&gt;, request = &lt;Request [b'POST']&gt;

    async def _connect(self, request: Request) -&gt; AsyncNetworkStream:
        timeouts = request.extensions.get("timeout", {})
        sni_hostname = request.extensions.get("sni_hostname", None)
        timeout = timeouts.get("connect", None)
    
        retries_left = self._retries
        delays = exponential_backoff(factor=RETRIES_BACKOFF_FACTOR)
    
        while True:
            try:
                if self._uds is None:
                    kwargs = {
                        "host": self._origin.host.decode("ascii"),
                        "port": self._origin.port,
                        "local_address": self._local_address,
                        "timeout": timeout,
                        "socket_options": self._socket_options,
                    }
                    async with Trace("connect_tcp", logger, request, kwargs) as trace:
&gt;                       stream = await self._network_backend.connect_tcp(**kwargs)
                                 ^^^^^^^^^^^^^^^^^^^^^^^^^^^^^^^^^^^^^^^^^^^^^^^^^

C:\Users\lukes.COREI9\AppData\Local\uv\cache\builds-v0\.tmpBDCP6w\Lib\site-packages\httpcore\_async\connection.py:124: 
_ _ _ _ _ _ _ _ _ _ _ _ _ _ _ _ _ _ _ _ _ _ _ _ _ _ _ _ _ _ _ _ _ _ _ _ _ _ _ _

self = &lt;httpcore._backends.auto.AutoBackend object at 0x000001645E2B6050&gt;
host = 'localhost', port = 30000, timeout = 60.0, local_address = None
socket_options = None

    async def connect_tcp(
        self,
        host: str,
        port: int,
        timeout: float | None = None,
        local_address: str | None = None,
        socket_options: typing.Iterable[SOCKET_OPTION] | None = None,
    ) -&gt; AsyncNetworkStream:
        await self._init_backend()
&gt;       return await self._backend.connect_tcp(
            host,
            port,
            timeout=timeout,
            local_address=local_address,
            socket_options=socket_options,
        )

C:\Users\lukes.COREI9\AppData\Local\uv\cache\builds-v0\.tmpBDCP6w\Lib\site-packages\httpcore\_backends\auto.py:31: 
_ _ _ _ _ _ _ _ _ _ _ _ _ _ _ _ _ _ _ _ _ _ _ _ _ _ _ _ _ _ _ _ _ _ _ _ _ _ _ _

self = &lt;httpcore.AnyIOBackend object at 0x000001645955DF90&gt;, host = 'localhost'
port = 30000, timeout = 60.0, local_address = None, socket_options = []

    async def connect_tcp(
        self,
        host: str,
        port: int,
        timeout: float | None = None,
        local_address: str | None = None,
        socket_options: typing.Iterable[SOCKET_OPTION] | None = None,
    ) -&gt; AsyncNetworkStream:  # pragma: nocover
        if socket_options is None:
            socket_options = []
        exc_map = {
            TimeoutError: ConnectTimeout,
            OSError: ConnectError,
            anyio.BrokenResourceError: ConnectError,
        }
&gt;       with map_exceptions(exc_map):

C:\Users\lukes.COREI9\AppData\Local\uv\cache\builds-v0\.tmpBDCP6w\Lib\site-packages\httpcore\_backends\anyio.py:113: 
_ _ _ _ _ _ _ _ _ _ _ _ _ _ _ _ _ _ _ _ _ _ _ _ _ _ _ _ _ _ _ _ _ _ _ _ _ _ _ _

self = &lt;contextlib._GeneratorContextManager object at 0x000001645955C490&gt;
typ = &lt;class 'OSError'&gt;, value = OSError('All connection attempts failed')
traceback = &lt;traceback object at 0x0000016459538C00&gt;

    def __exit__(self, typ, value, traceback):
        if typ is None:
            try:
                next(self.gen)
            except StopIteration:
                return False
            else:
                try:
                    raise RuntimeError("generator didn't stop")
                finally:
                    self.gen.close()
        else:
            if value is None:
                # Need to force instantiation so we can reliably
                # tell if we get the same exception back
                value = typ()
            try:
&gt;               self.gen.throw(typ, value, traceback)

C:\Users\lukes.COREI9\AppData\Roaming\uv\python\cpython-3.11.11-windows-x86_64-none\Lib\contextlib.py:158: 
_ _ _ _ _ _ _ _ _ _ _ _ _ _ _ _ _ _ _ _ _ _ _ _ _ _ _ _ _ _ _ _ _ _ _ _ _ _ _ _

map = {&lt;class 'TimeoutError'&gt;: &lt;class 'httpcore.ConnectTimeout'&gt;, &lt;class 'OSError'&gt;: &lt;class 'httpcore.ConnectError'&gt;, &lt;class 'anyio.BrokenResourceError'&gt;: &lt;class 'httpcore.ConnectError'&gt;}

    @contextlib.contextmanager
    def map_exceptions(map: ExceptionMapping) -&gt; typing.Iterator[None]:
        try:
            yield
        except Exception as exc:  # noqa: PIE786
            for from_exc, to_exc in map.items():
                if isinstance(exc, from_exc):
&gt;                   raise to_exc(exc) from exc
E                   httpcore.ConnectError: All connection attempts failed

C:\Users\lukes.COREI9\AppData\Local\uv\cache\builds-v0\.tmpBDCP6w\Lib\site-packages\httpcore\_exceptions.py:14: ConnectError

The above exception was the direct cause of the following exception:

    @pytest.mark.asyncio
    @pytest.mark.integration
    async def test_forced_token():
        """Send a request with forced-token processor and verify output."""
        print("=== FORCED-TOKEN PROOF ===")
        print(f"Forcing token ID: {FORCED_TOKEN_ID}")
        print(f"Target: {SGLANG_BASE}")
        print(f"Model: {MODEL_NAME}")
        print()
    
        # Serialize the processor
        processor_payload = serialize_processor(ForcedTokenProcessor)
        print(f"Processor serialized: {len(processor_payload)} bytes")
    
        # Build the request
        request_body = {
            "model": MODEL_NAME,
            "messages": [
                {"role": "user", "content": "Say anything."}
            ],
            "max_tokens": 1,  # Force exactly one token output
            "temperature": 1.0,
            "stream": False,
            # SGLang custom logit processor injection
            "custom_logit_processor": processor_payload,
            "custom_params": [
                {"forced_token_id": FORCED_TOKEN_ID}
            ],
        }
    
        print("\nSending request to SGLang...")
        async with httpx.AsyncClient(timeout=60.0) as client:
&gt;           response = await client.post(
                f"{SGLANG_BASE}/chat/completions",
                json=request_body,
            )

tests\gpu\test_forced_token_proof.py:85: 
_ _ _ _ _ _ _ _ _ _ _ _ _ _ _ _ _ _ _ _ _ _ _ _ _ _ _ _ _ _ _ _ _ _ _ _ _ _ _ _

self = &lt;httpx.AsyncClient object at 0x000001645E2B4150&gt;
url = 'http://localhost:30000/v1/chat/completions', content = None, data = None
files = None
json = {'model': 'nram-deepseek-r1-qwen-7b', 'messages': [{'role': 'user', 'content': 'Say anything.'}], 'max_tokens': 1, 'temperature': 1.0, ...}
params = None, headers = None, cookies = None
auth = &lt;httpx._client.UseClientDefault object at 0x000001645D8EAC10&gt;
follow_redirects = &lt;httpx._client.UseClientDefault object at 0x000001645D8EAC10&gt;
timeout = &lt;httpx._client.UseClientDefault object at 0x000001645D8EAC10&gt;
extensions = None

    async def post(
        self,
        url: URL | str,
        *,
        content: RequestContent | None = None,
        data: RequestData | None = None,
        files: RequestFiles | None = None,
        json: typing.Any | None = None,
        params: QueryParamTypes | None = None,
        headers: HeaderTypes | None = None,
        cookies: CookieTypes | None = None,
        auth: AuthTypes | UseClientDefault = USE_CLIENT_DEFAULT,
        follow_redirects: bool | UseClientDefault = USE_CLIENT_DEFAULT,
        timeout: TimeoutTypes | UseClientDefault = USE_CLIENT_DEFAULT,
        extensions: RequestExtensions | None = None,
    ) -&gt; Response:
        """
        Send a `POST` request.
    
        **Parameters**: See `httpx.request`.
        """
&gt;       return await self.request(
            "POST",
            url,
            content=content,
            data=data,
            files=files,
            json=json,
            params=params,
            headers=headers,
            cookies=cookies,
            auth=auth,
            follow_redirects=follow_redirects,
            timeout=timeout,
            extensions=extensions,
        )

C:\Users\lukes.COREI9\AppData\Local\uv\cache\builds-v0\.tmpBDCP6w\Lib\site-packages\httpx\_client.py:1859: 
_ _ _ _ _ _ _ _ _ _ _ _ _ _ _ _ _ _ _ _ _ _ _ _ _ _ _ _ _ _ _ _ _ _ _ _ _ _ _ _

self = &lt;httpx.AsyncClient object at 0x000001645E2B4150&gt;, method = 'POST'
url = 'http://localhost:30000/v1/chat/completions', content = None, data = None
files = None
json = {'model': 'nram-deepseek-r1-qwen-7b', 'messages': [{'role': 'user', 'content': 'Say anything.'}], 'max_tokens': 1, 'temperature': 1.0, ...}
params = None, headers = None, cookies = None
auth = &lt;httpx._client.UseClientDefault object at 0x000001645D8EAC10&gt;
follow_redirects = &lt;httpx._client.UseClientDefault object at 0x000001645D8EAC10&gt;
timeout = &lt;httpx._client.UseClientDefault object at 0x000001645D8EAC10&gt;
extensions = None

    async def request(
        self,
        method: str,
        url: URL | str,
        *,
        content: RequestContent | None = None,
        data: RequestData | None = None,
        files: RequestFiles | None = None,
        json: typing.Any | None = None,
        params: QueryParamTypes | None = None,
        headers: HeaderTypes | None = None,
        cookies: CookieTypes | None = None,
        auth: AuthTypes | UseClientDefault | None = USE_CLIENT_DEFAULT,
        follow_redirects: bool | UseClientDefault = USE_CLIENT_DEFAULT,
        timeout: TimeoutTypes | UseClientDefault = USE_CLIENT_DEFAULT,
        extensions: RequestExtensions | None = None,
    ) -&gt; Response:
        """
        Build and send a request.
    
        Equivalent to:
    
        ```python
        request = client.build_request(...)
        response = await client.send(request, ...)
        ```
    
        See `AsyncClient.build_request()`, `AsyncClient.send()`
        and [Merging of configuration][0] for how the various parameters
        are merged with client-level configuration.
    
        [0]: /advanced/clients/#merging-of-configuration
        """
    
        if cookies is not None:  # pragma: no cover
            message = (
                "Setting per-request cookies=&lt;...&gt; is being deprecated, because "
                "the expected behaviour on cookie persistence is ambiguous. Set "
                "cookies directly on the client instance instead."
            )
            warnings.warn(message, DeprecationWarning, stacklevel=2)
    
        request = self.build_request(
            method=method,
            url=url,
            content=content,
            data=data,
            files=files,
            json=json,
            params=params,
            headers=headers,
            cookies=cookies,
            timeout=timeout,
            extensions=extensions,
        )
&gt;       return await self.send(request, auth=auth, follow_redirects=follow_redirects)
               ^^^^^^^^^^^^^^^^^^^^^^^^^^^^^^^^^^^^^^^^^^^^^^^^^^^^^^^^^^^^^^^^^^^^^^

C:\Users\lukes.COREI9\AppData\Local\uv\cache\builds-v0\.tmpBDCP6w\Lib\site-packages\httpx\_client.py:1540: 
_ _ _ _ _ _ _ _ _ _ _ _ _ _ _ _ _ _ _ _ _ _ _ _ _ _ _ _ _ _ _ _ _ _ _ _ _ _ _ _

self = &lt;httpx.AsyncClient object at 0x000001645E2B4150&gt;
request = &lt;Request('POST', 'http://localhost:30000/v1/chat/completions')&gt;
stream = False, auth = &lt;httpx.Auth object at 0x000001645E2B5D90&gt;
follow_redirects = False

    async def send(
        self,
        request: Request,
        *,
        stream: bool = False,
        auth: AuthTypes | UseClientDefault | None = USE_CLIENT_DEFAULT,
        follow_redirects: bool | UseClientDefault = USE_CLIENT_DEFAULT,
    ) -&gt; Response:
        """
        Send a request.
    
        The request is sent as-is, unmodified.
    
        Typically you'll want to build one with `AsyncClient.build_request()`
        so that any client-level configuration is merged into the request,
        but passing an explicit `httpx.Request()` is supported as well.
    
        See also: [Request instances][0]
    
        [0]: /advanced/clients/#request-instances
        """
        if self._state == ClientState.CLOSED:
            raise RuntimeError("Cannot send a request, as the client has been closed.")
    
        self._state = ClientState.OPENED
        follow_redirects = (
            self.follow_redirects
            if isinstance(follow_redirects, UseClientDefault)
            else follow_redirects
        )
    
        self._set_timeout(request)
    
        auth = self._build_request_auth(request, auth)
    
&gt;       response = await self._send_handling_auth(
            request,
            auth=auth,
            follow_redirects=follow_redirects,
            history=[],
        )

C:\Users\lukes.COREI9\AppData\Local\uv\cache\builds-v0\.tmpBDCP6w\Lib\site-packages\httpx\_client.py:1629: 
_ _ _ _ _ _ _ _ _ _ _ _ _ _ _ _ _ _ _ _ _ _ _ _ _ _ _ _ _ _ _ _ _ _ _ _ _ _ _ _

self = &lt;httpx.AsyncClient object at 0x000001645E2B4150&gt;
request = &lt;Request('POST', 'http://localhost:30000/v1/chat/completions')&gt;
auth = &lt;httpx.Auth object at 0x000001645E2B5D90&gt;, follow_redirects = False
history = []

    async def _send_handling_auth(
        self,
        request: Request,
        auth: Auth,
        follow_redirects: bool,
        history: list[Response],
    ) -&gt; Response:
        auth_flow = auth.async_auth_flow(request)
        try:
            request = await auth_flow.__anext__()
    
            while True:
&gt;               response = await self._send_handling_redirects(
                    request,
                    follow_redirects=follow_redirects,
                    history=history,
                )

C:\Users\lukes.COREI9\AppData\Local\uv\cache\builds-v0\.tmpBDCP6w\Lib\site-packages\httpx\_client.py:1657: 
_ _ _ _ _ _ _ _ _ _ _ _ _ _ _ _ _ _ _ _ _ _ _ _ _ _ _ _ _ _ _ _ _ _ _ _ _ _ _ _

self = &lt;httpx.AsyncClient object at 0x000001645E2B4150&gt;
request = &lt;Request('POST', 'http://localhost:30000/v1/chat/completions')&gt;
follow_redirects = False, history = []

    async def _send_handling_redirects(
        self,
        request: Request,
        follow_redirects: bool,
        history: list[Response],
    ) -&gt; Response:
        while True:
            if len(history) &gt; self.max_redirects:
                raise TooManyRedirects(
                    "Exceeded maximum allowed redirects.", request=request
                )
    
            for hook in self._event_hooks["request"]:
                await hook(request)
    
&gt;           response = await self._send_single_request(request)
                       ^^^^^^^^^^^^^^^^^^^^^^^^^^^^^^^^^^^^^^^^

C:\Users\lukes.COREI9\AppData\Local\uv\cache\builds-v0\.tmpBDCP6w\Lib\site-packages\httpx\_client.py:1694: 
_ _ _ _ _ _ _ _ _ _ _ _ _ _ _ _ _ _ _ _ _ _ _ _ _ _ _ _ _ _ _ _ _ _ _ _ _ _ _ _

self = &lt;httpx.AsyncClient object at 0x000001645E2B4150&gt;
request = &lt;Request('POST', 'http://localhost:30000/v1/chat/completions')&gt;

    async def _send_single_request(self, request: Request) -&gt; Response:
        """
        Sends a single request, without handling any redirections.
        """
        transport = self._transport_for_url(request.url)
        start = time.perf_counter()
    
        if not isinstance(request.stream, AsyncByteStream):
            raise RuntimeError(
                "Attempted to send an sync request with an AsyncClient instance."
            )
    
        with request_context(request=request):
&gt;           response = await transport.handle_async_request(request)
                       ^^^^^^^^^^^^^^^^^^^^^^^^^^^^^^^^^^^^^^^^^^^^^

C:\Users\lukes.COREI9\AppData\Local\uv\cache\builds-v0\.tmpBDCP6w\Lib\site-packages\httpx\_client.py:1730: 
_ _ _ _ _ _ _ _ _ _ _ _ _ _ _ _ _ _ _ _ _ _ _ _ _ _ _ _ _ _ _ _ _ _ _ _ _ _ _ _

self = &lt;httpx.AsyncHTTPTransport object at 0x000001645E2B40D0&gt;
request = &lt;Request('POST', 'http://localhost:30000/v1/chat/completions')&gt;

    async def handle_async_request(
        self,
        request: Request,
    ) -&gt; Response:
        assert isinstance(request.stream, AsyncByteStream)
        import httpcore
    
        req = httpcore.Request(
            method=request.method,
            url=httpcore.URL(
                scheme=request.url.raw_scheme,
                host=request.url.raw_host,
                port=request.url.port,
                target=request.url.raw_path,
            ),
            headers=request.headers.raw,
            content=request.stream,
            extensions=request.extensions,
        )
&gt;       with map_httpcore_exceptions():

C:\Users\lukes.COREI9\AppData\Local\uv\cache\builds-v0\.tmpBDCP6w\Lib\site-packages\httpx\_transports\default.py:393: 
_ _ _ _ _ _ _ _ _ _ _ _ _ _ _ _ _ _ _ _ _ _ _ _ _ _ _ _ _ _ _ _ _ _ _ _ _ _ _ _

self = &lt;contextlib._GeneratorContextManager object at 0x000001645E2B59D0&gt;
typ = &lt;class 'httpcore.ConnectError'&gt;
value = ConnectError(OSError('All connection attempts failed'))
traceback = &lt;traceback object at 0x000001645E2B6840&gt;

    def __exit__(self, typ, value, traceback):
        if typ is None:
            try:
                next(self.gen)
            except StopIteration:
                return False
            else:
                try:
                    raise RuntimeError("generator didn't stop")
                finally:
                    self.gen.close()
        else:
            if value is None:
                # Need to force instantiation so we can reliably
                # tell if we get the same exception back
                value = typ()
            try:
&gt;               self.gen.throw(typ, value, traceback)

C:\Users\lukes.COREI9\AppData\Roaming\uv\python\cpython-3.11.11-windows-x86_64-none\Lib\contextlib.py:158: 
_ _ _ _ _ _ _ _ _ _ _ _ _ _ _ _ _ _ _ _ _ _ _ _ _ _ _ _ _ _ _ _ _ _ _ _ _ _ _ _

    @contextlib.contextmanager
    def map_httpcore_exceptions() -&gt; typing.Iterator[None]:
        global HTTPCORE_EXC_MAP
        if len(HTTPCORE_EXC_MAP) == 0:
            HTTPCORE_EXC_MAP = _load_httpcore_exceptions()
        try:
            yield
        except Exception as exc:
            mapped_exc = None
    
            for from_exc, to_exc in HTTPCORE_EXC_MAP.items():
                if not isinstance(exc, from_exc):
                    continue
                # We want to map to the most specific exception we can find.
                # Eg if `exc` is an `httpcore.ReadTimeout`, we want to map to
                # `httpx.ReadTimeout`, not just `httpx.TimeoutException`.
                if mapped_exc is None or issubclass(to_exc, mapped_exc):
                    mapped_exc = to_exc
    
            if mapped_exc is None:  # pragma: no cover
                raise
    
            message = str(exc)
&gt;           raise mapped_exc(message) from exc
E           httpx.ConnectError: All connection attempts failed

C:\Users\lukes.COREI9\AppData\Local\uv\cache\builds-v0\.tmpBDCP6w\Lib\site-packages\httpx\_transports\default.py:118: ConnectError</failure></testcase><testcase classname="tests.gpu.test_forced_token_proof" name="test_tokenizer_bias_compiler" time="6.266" /><testcase classname="tests.integration.test_activation_addition.TestActivationVector" name="test_vector_creation" time="0.001" /><testcase classname="tests.integration.test_activation_addition.TestActivationVector" name="test_vector_to_device" time="0.001" /><testcase classname="tests.integration.test_activation_addition.TestActivationAdditionController" name="test_controller_initialization" time="0.000" /><testcase classname="tests.integration.test_activation_addition.TestActivationAdditionController" name="test_add_vector" time="0.000" /><testcase classname="tests.integration.test_activation_addition.TestActivationAdditionController" name="test_remove_vector" time="0.000" /><testcase classname="tests.integration.test_activation_addition.TestActivationAdditionController" name="test_get_vectors_for_layer" time="0.000" /><testcase classname="tests.integration.test_activation_addition.TestActivationAdditionController" name="test_apply_to_hidden_states" time="0.001" /><testcase classname="tests.integration.test_activation_addition.TestActivationAdditionController" name="test_apply_disabled" time="0.001" /><testcase classname="tests.integration.test_activation_addition.TestActivationAdditionController" name="test_phase_aware_steering" time="0.001" /><testcase classname="tests.integration.test_activation_addition.TestVectorCollector" name="test_collector_initialization" time="0.001" /><testcase classname="tests.integration.test_activation_addition.TestVectorCollector" name="test_collect_vector" time="0.002" /><testcase classname="tests.integration.test_activation_addition.TestVectorCollector" name="test_collect_different_aggregations" time="0.004" /><testcase classname="tests.integration.test_activation_addition.TestActivationSteeringHook" name="test_hook_creation" time="0.001" /><testcase classname="tests.integration.test_activation_addition.TestActivationSteeringHook" name="test_hook_call" time="0.001" /><testcase classname="tests.integration.test_activation_addition.TestActivationSteeringHook" name="test_hook_disabled" time="0.001" /><testcase classname="tests.integration.test_activation_addition.TestHookManager" name="test_manager_initialization" time="0.000" /><testcase classname="tests.integration.test_activation_addition.TestHookManager" name="test_register_hook" time="0.019" /><testcase classname="tests.integration.test_activation_addition.TestHookManager" name="test_remove_hook" time="0.015" /><testcase classname="tests.integration.test_activation_addition.TestHookManager" name="test_remove_all_hooks" time="0.015" /><testcase classname="tests.integration.test_activation_addition.TestVectorRegistry" name="test_registry_initialization" time="0.049" /><testcase classname="tests.integration.test_activation_addition.TestVectorRegistry" name="test_get_vector_by_name" time="0.039" /><testcase classname="tests.integration.test_activation_addition.TestVectorRegistry" name="test_get_vector_by_name_and_layer" time="0.041" /><testcase classname="tests.integration.test_activation_addition.TestVectorRegistry" name="test_list_vectors" time="0.043" /><testcase classname="tests.integration.test_activation_addition.TestVectorRegistry" name="test_create_novelty_vector" time="0.043" /><testcase classname="tests.integration.test_activation_addition.TestVectorRegistry" name="test_get_recommended_layers" time="0.045" /><testcase classname="tests.integration.test_activation_addition.TestIntegration" name="test_full_steering_pipeline" time="0.001" /><testcase classname="tests.integration.test_activation_addition.TestIntegration" name="test_phase_aware_steering_integration" time="0.000" /><testcase classname="tests.integration.test_consciousness_quality" name="test_consciousness_state_instructions" time="0.002" /><testcase classname="tests.integration.test_consciousness_quality" name="test_consciousness_state_quality_metrics" time="0.002" /><testcase classname="tests.integration.test_hallucination_guard.TestHallucinationGuard" name="test_numeric_claim_detection" time="0.002" /><testcase classname="tests.integration.test_hallucination_guard.TestHallucinationGuard" name="test_study_claim_detection" time="0.001" /><testcase classname="tests.integration.test_hallucination_guard.TestHallucinationGuard" name="test_customer_claim_detection" time="0.001" /><testcase classname="tests.integration.test_hallucination_guard.TestHallucinationGuard" name="test_no_hallucinations" time="0.000" /><testcase classname="tests.integration.test_hallucination_guard.TestHallucinationGuard" name="test_sanitize_output" time="0.001" /><testcase classname="tests.integration.test_hallucination_guard.TestHallucinationGuard" name="test_risk_score_calculation" time="0.001" /><testcase classname="tests.integration.test_hallucination_guard.TestHallucinationGuard" name="test_convenience_functions" time="0.000" /><testcase classname="tests.integration.test_hallucination_guard.TestHallucinationGuard" name="test_strict_mode" time="0.000" /><testcase classname="tests.integration.test_hallucination_guard.TestHallucinationGuard" name="test_mixed_content" time="0.001" /><testcase classname="tests.integration.test_nram_v5_ab_testing.TestTokenTrie" name="test_insert_and_match" time="0.000" /><testcase classname="tests.integration.test_nram_v5_ab_testing.TestTokenTrie" name="test_multiple_sequences" time="0.000" /><testcase classname="tests.integration.test_nram_v5_ab_testing.TestTokenTrie" name="test_contains" time="0.000" /><testcase classname="tests.integration.test_nram_v5_ab_testing.TestTokenTrieConstraint" name="test_forbidden_phrase_masking" time="0.001" /><testcase classname="tests.integration.test_nram_v5_ab_testing.TestTokenTrieConstraint" name="test_no_masking_without_match" time="0.001" /><testcase classname="tests.integration.test_nram_v5_ab_testing.TestSourceNgramBlocker" name="test_blocks_source_ngrams" time="0.000" /><testcase classname="tests.integration.test_nram_v5_ab_testing.TestSourceNgramBlocker" name="test_allows_non_source_text" time="0.000" /><testcase classname="tests.integration.test_nram_v5_ab_testing.TestEntropyController" name="test_entropy_computation" time="0.001" /><testcase classname="tests.integration.test_nram_v5_ab_testing.TestEntropyController" name="test_adjustment_toward_target" time="0.001" /><testcase classname="tests.integration.test_nram_v5_ab_testing.TestPhaseAwareEntropyController" name="test_phase_transitions" time="0.001" /><testcase classname="tests.integration.test_nram_v5_ab_testing.TestConceptCapsules" name="test_capsule_registry" time="0.000" /><testcase classname="tests.integration.test_nram_v5_ab_testing.TestConceptCapsules" name="test_usage_limits" time="0.000" /><testcase classname="tests.integration.test_nram_v5_ab_testing.TestConceptInjector" name="test_soft_injection" time="0.001" /><testcase classname="tests.integration.test_nram_v5_ab_testing.TestNRAMLogitProcessorV5" name="test_phrase_constraint_integration" time="0.001" /><testcase classname="tests.integration.test_nram_v5_ab_testing.TestNRAMLogitProcessorV5" name="test_entropy_control_integration" time="0.000" /><testcase classname="tests.integration.test_nram_v5_ab_testing.TestNRAMLogitProcessorV5" name="test_concept_injection_integration" time="0.000" /><testcase classname="tests.integration.test_nram_v5_ab_testing.TestABMetrics" name="test_ngram_overlap" time="0.000" /><testcase classname="tests.integration.test_nram_v5_ab_testing.TestABMetrics" name="test_novelty_metric" time="0.001" /><testcase classname="tests.integration.test_nram_v5_sprint3.TestMultiVectorController" name="test_add_vector" time="0.001" /><testcase classname="tests.integration.test_nram_v5_sprint3.TestMultiVectorController" name="test_remove_vector" time="0.001" /><testcase classname="tests.integration.test_nram_v5_sprint3.TestMultiVectorController" name="test_get_active_vectors" time="0.001" /><testcase classname="tests.integration.test_nram_v5_sprint3.TestMultiVectorController" name="test_combine_vectors_additive" time="0.001" /><testcase classname="tests.integration.test_nram_v5_sprint3.TestMultiVectorController" name="test_combine_vectors_projected" time="0.001" /><testcase classname="tests.integration.test_nram_v5_sprint3.TestMultiVectorController" name="test_apply_to_hidden_states" time="0.001" /><testcase classname="tests.integration.test_nram_v5_sprint3.TestMultiVectorController" name="test_create_preset" time="0.001" /><testcase classname="tests.integration.test_nram_v5_sprint3.TestMultiVectorController" name="test_apply_preset" time="0.001" /><testcase classname="tests.integration.test_nram_v5_sprint3.TestConceptorController" name="test_add_conceptor" time="0.048" /><testcase classname="tests.integration.test_nram_v5_sprint3.TestConceptorController" name="test_remove_conceptor" time="0.006" /><testcase classname="tests.integration.test_nram_v5_sprint3.TestConceptorController" name="test_blend_conceptors_weighted_sum" time="0.163" /><testcase classname="tests.integration.test_nram_v5_sprint3.TestConceptorController" name="test_blend_conceptors_and" time="0.432" /><testcase classname="tests.integration.test_nram_v5_sprint3.TestConceptorController" name="test_blend_conceptors_or" time="1.417" /><testcase classname="tests.integration.test_nram_v5_sprint3.TestConceptorController" name="test_apply_to_hidden_states" time="0.051" /><testcase classname="tests.integration.test_nram_v5_sprint3.TestConceptorController" name="test_create_conceptor_from_vectors" time="0.008" /><testcase classname="tests.integration.test_nram_v5_sprint3.TestLowRankSubspaceSteering" name="test_add_subspace" time="0.018" /><testcase classname="tests.integration.test_nram_v5_sprint3.TestLowRankSubspaceSteering" name="test_project_to_subspace" time="0.040" /><testcase classname="tests.integration.test_nram_v5_sprint3.TestLowRankSubspaceSteering" name="test_blend_subspaces" time="0.038" /><testcase classname="tests.integration.test_nram_v5_sprint3.TestHiddenStateProbes" name="test_add_probe" time="0.001" /><testcase classname="tests.integration.test_nram_v5_sprint3.TestHiddenStateProbes" name="test_remove_probe" time="0.001" /><testcase classname="tests.integration.test_nram_v5_sprint3.TestHiddenStateProbes" name="test_monitor_layer" time="0.001" /><testcase classname="tests.integration.test_nram_v5_sprint3.TestHiddenStateProbes" name="test_register_callback" time="0.001" /><testcase classname="tests.integration.test_nram_v5_sprint3.TestHiddenStateProbes" name="test_enable_disable_probe" time="0.001" /><testcase classname="tests.integration.test_nram_v5_sprint3.TestClosedLoopController" name="test_add_rule" time="0.000" /><testcase classname="tests.integration.test_nram_v5_sprint3.TestClosedLoopController" name="test_create_novelty_rule" time="0.001" /><testcase classname="tests.integration.test_nram_v5_sprint3.TestClosedLoopController" name="test_create_coherence_rule" time="0.001" /><testcase classname="tests.integration.test_nram_v5_sprint3.TestClosedLoopController" name="test_create_source_similarity_rule" time="0.001" /><testcase classname="tests.integration.test_nram_v5_sprint3.TestDExpertsController" name="test_register_expert" time="0.001" /><testcase classname="tests.integration.test_nram_v5_sprint3.TestDExpertsController" name="test_set_phase" time="0.001" /><testcase classname="tests.integration.test_nram_v5_sprint3.TestDExpertsController" name="test_set_global_weights" time="0.001" /><testcase classname="tests.integration.test_nram_v5_sprint3.TestDExpertsController" name="test_get_active_experts" time="0.001" /><testcase classname="tests.integration.test_nram_v5_sprint3.TestDExpertsController" name="test_combine_logits" time="0.002" /><testcase classname="tests.integration.test_nram_v5_sprint3.TestDExpertsController" name="test_combine_logits_without_anti_expert" time="0.002" /><testcase classname="tests.integration.test_nram_v5_sprint3.TestIntegration" name="test_multi_vector_with_probes" time="0.001" /><testcase classname="tests.integration.test_nram_v5_sprint3.TestIntegration" name="test_conceptor_with_closed_loop" time="0.046" /><testcase classname="tests.integration.test_nram_v5_sprint3.TestIntegration" name="test_full_sprint3_pipeline" time="0.059" /><testcase classname="tests.integration.test_persona_alias_logit_processor.TestPersonaAliasActivatesLogitProcessor" name="test_route_persona_sets_internal_model" time="0.003" /><testcase classname="tests.integration.test_persona_alias_logit_processor.TestPersonaAliasActivatesLogitProcessor" name="test_moe_subrequest_sets_internal_model" time="0.003" /><testcase classname="tests.integration.test_persona_alias_logit_processor.TestPersonaAliasActivatesLogitProcessor" name="test_engine_injects_custom_logit_processor" time="0.176" /><testcase classname="tests.integration.test_persona_alias_logit_processor.TestPersonaAliasActivatesLogitProcessor" name="test_persona_model_not_in_nram_enabled_aliases" time="0.001" /><testcase classname="tests.integration.test_persona_alias_logit_processor.TestPersonaAliasActivatesLogitProcessor" name="test_nram_enabled_aliases_contains_actual_nram_models" time="0.000" /><testcase classname="tests.integration.test_persona_alias_logit_processor.TestTokenizerFailFast" name="test_missing_tokenizer_raises_error" time="0.001" /><testcase classname="tests.integration.test_persona_alias_logit_processor.TestVisionaryPeakProfile" name="test_visionary_peak_exists" time="0.000" /><testcase classname="tests.integration.test_persona_alias_logit_processor.TestVisionaryPeakProfile" name="test_visionary_peak_has_high_coherence" time="0.000" /><testcase classname="tests.integration.test_persona_alias_logit_processor.TestVisionaryPeakProfile" name="test_visionary_peak_has_high_novelty" time="0.000" /><testcase classname="tests.integration.test_persona_alias_logit_processor.TestVisionaryPeakProfile" name="test_visionary_peak_has_high_product_obsession" time="0.000" /><testcase classname="tests.unit.test_existing_llm_handler.TestDefect1Fixed_ContentIsString" name="test_generate_response_returns_string_content" time="0.002"><failure message="RuntimeError: There is no current event loop in thread 'MainThread'.">self = &lt;tests.unit.test_existing_llm_handler.TestDefect1Fixed_ContentIsString object at 0x000001645F7FB350&gt;

    def test_generate_response_returns_string_content(self):
        """After fix: content is extracted from guidance dict as a string."""
        from core.llm_handler import LLMHandler
        import core.llm_handler as mod
    
        fake_guidance_result = {
            "main_response": "Hello world",
            "consciousness_level": "baseline",
            "neural_insight": None,
            "token_phenomena": ["coherent"],
            "coherence_score": 0.7,
            "raw_tokens": [],
            "guidance_used": True,
        }
    
        with patch.object(mod, "GuidanceHandler") as MockGH:
            mock_instance = MockGH.return_value
            mock_instance.process_with_guidance = AsyncMock(return_value=fake_guidance_result)
            mock_instance.get_token_metrics = AsyncMock(
                return_value={"token_count": 5, "character_count": 20, "estimated_tokens": 5}
            )
    
            handler = LLMHandler.__new__(LLMHandler)
            handler.guidance_handler = mock_instance
            handler.model = "test-model"
            handler.consciousness_levels = {"baseline": 0.3}
    
&gt;           result = asyncio.get_event_loop().run_until_complete(
                     ^^^^^^^^^^^^^^^^^^^^^^^^
                handler.generate_response(
                    messages=[{"role": "user", "content": "Hi"}],
                    temperature=0.5,
                    max_tokens=50,
                    model="nram-gpt-oss-20b",
                )
            )

tests\unit\test_existing_llm_handler.py:44: 
_ _ _ _ _ _ _ _ _ _ _ _ _ _ _ _ _ _ _ _ _ _ _ _ _ _ _ _ _ _ _ _ _ _ _ _ _ _ _ _

self = &lt;asyncio.windows_events.WindowsProactorEventLoopPolicy object at 0x000001645F91B550&gt;

    def get_event_loop(self):
        """Get the event loop for the current context.
    
        Returns an instance of EventLoop or raises an exception.
        """
        if (self._local._loop is None and
                not self._local._set_called and
                threading.current_thread() is threading.main_thread()):
            self.set_event_loop(self.new_event_loop())
    
        if self._local._loop is None:
&gt;           raise RuntimeError('There is no current event loop in thread %r.'
                               % threading.current_thread().name)
E           RuntimeError: There is no current event loop in thread 'MainThread'.

C:\Users\lukes.COREI9\AppData\Roaming\uv\python\cpython-3.11.11-windows-x86_64-none\Lib\asyncio\events.py:681: RuntimeError</failure></testcase><testcase classname="tests.unit.test_existing_llm_handler.TestDefect2Fixed_Awaited" name="test_get_token_metrics_is_awaited_in_source" time="0.002" /><testcase classname="tests.unit.test_existing_llm_handler.TestDefect4Fixed_NoAwaitOnSyncClient" name="test_config_suggester_no_longer_awaits_sync_client" time="0.001" /><testcase classname="tests.unit.test_existing_llm_handler.TestDefect5Fixed_ModelReflected" name="test_generate_response_accepts_model_param" time="0.000" /><testcase classname="tests.unit.test_existing_llm_handler.TestDefect5Fixed_ModelReflected" name="test_model_field_in_response" time="0.002"><failure message="RuntimeError: There is no current event loop in thread 'MainThread'.">self = &lt;tests.unit.test_existing_llm_handler.TestDefect5Fixed_ModelReflected object at 0x000001645F7FAF10&gt;

    def test_model_field_in_response(self):
        """After fix: response model field reflects the requested alias."""
        from core.llm_handler import LLMHandler
        import core.llm_handler as mod
    
        fake_guidance_result = {"main_response": "test", "coherence_score": 0.7}
    
        with patch.object(mod, "GuidanceHandler") as MockGH:
            mock_instance = MockGH.return_value
            mock_instance.process_with_guidance = AsyncMock(return_value=fake_guidance_result)
            mock_instance.get_token_metrics = AsyncMock(
                return_value={"token_count": 1, "character_count": 4, "estimated_tokens": 1}
            )
    
            handler = LLMHandler.__new__(LLMHandler)
            handler.guidance_handler = mock_instance
            handler.model = "default-model"
            handler.consciousness_levels = {"baseline": 0.3}
    
&gt;           result = asyncio.get_event_loop().run_until_complete(
                     ^^^^^^^^^^^^^^^^^^^^^^^^
                handler.generate_response(
                    messages=[{"role": "user", "content": "Hi"}],
                    temperature=0.5,
                    max_tokens=50,
                    model="nram-gpt-oss-20b",
                )
            )

tests\unit\test_existing_llm_handler.py:126: 
_ _ _ _ _ _ _ _ _ _ _ _ _ _ _ _ _ _ _ _ _ _ _ _ _ _ _ _ _ _ _ _ _ _ _ _ _ _ _ _

self = &lt;asyncio.windows_events.WindowsProactorEventLoopPolicy object at 0x000001645F91B550&gt;

    def get_event_loop(self):
        """Get the event loop for the current context.
    
        Returns an instance of EventLoop or raises an exception.
        """
        if (self._local._loop is None and
                not self._local._set_called and
                threading.current_thread() is threading.main_thread()):
            self.set_event_loop(self.new_event_loop())
    
        if self._local._loop is None:
&gt;           raise RuntimeError('There is no current event loop in thread %r.'
                               % threading.current_thread().name)
E           RuntimeError: There is no current event loop in thread 'MainThread'.

C:\Users\lukes.COREI9\AppData\Roaming\uv\python\cpython-3.11.11-windows-x86_64-none\Lib\asyncio\events.py:681: RuntimeError</failure></testcase><testcase classname="tests.unit.test_existing_llm_handler.TestDefect8Fixed_InferenceErrorRaised" name="test_generate_response_raises_on_failure" time="0.001"><failure message="RuntimeError: There is no current event loop in thread 'MainThread'.">self = &lt;tests.unit.test_existing_llm_handler.TestDefect8Fixed_InferenceErrorRaised object at 0x000001645F7F9650&gt;

    def test_generate_response_raises_on_failure(self):
        """After fix: generate_response raises InferenceError instead of returning fake 200."""
        from core.llm_handler import LLMHandler, InferenceError
        import core.llm_handler as mod
    
        with patch.object(mod, "GuidanceHandler") as MockGH:
            mock_instance = MockGH.return_value
            mock_instance.process_with_guidance = AsyncMock(
                side_effect=RuntimeError("upstream failed")
            )
    
            handler = LLMHandler.__new__(LLMHandler)
            handler.guidance_handler = mock_instance
            handler.model = "test"
            handler.consciousness_levels = {"baseline": 0.3}
    
            with pytest.raises(InferenceError):
&gt;               asyncio.get_event_loop().run_until_complete(
                ^^^^^^^^^^^^^^^^^^^^^^^^
                    handler.generate_response(
                        messages=[{"role": "user", "content": "Hi"}],
                        temperature=0.5,
                        max_tokens=50,
                    )
                )

tests\unit\test_existing_llm_handler.py:160: 
_ _ _ _ _ _ _ _ _ _ _ _ _ _ _ _ _ _ _ _ _ _ _ _ _ _ _ _ _ _ _ _ _ _ _ _ _ _ _ _

self = &lt;asyncio.windows_events.WindowsProactorEventLoopPolicy object at 0x000001645F91B550&gt;

    def get_event_loop(self):
        """Get the event loop for the current context.
    
        Returns an instance of EventLoop or raises an exception.
        """
        if (self._local._loop is None and
                not self._local._set_called and
                threading.current_thread() is threading.main_thread()):
            self.set_event_loop(self.new_event_loop())
    
        if self._local._loop is None:
&gt;           raise RuntimeError('There is no current event loop in thread %r.'
                               % threading.current_thread().name)
E           RuntimeError: There is no current event loop in thread 'MainThread'.

C:\Users\lukes.COREI9\AppData\Roaming\uv\python\cpython-3.11.11-windows-x86_64-none\Lib\asyncio\events.py:681: RuntimeError</failure></testcase><testcase classname="tests.unit.test_existing_llm_handler.TestDefect8Fixed_InferenceErrorRaised" name="test_inference_error_has_correct_fields" time="0.001" /><testcase classname="tests.unit.test_existing_nram.TestDefect7Fixed_NoNpSoftmax" name="test_numpy_has_no_softmax" time="0.000" /><testcase classname="tests.unit.test_existing_nram.TestDefect7Fixed_NoNpSoftmax" name="test_nram_update_state_no_longer_raises" time="0.001" /><testcase classname="tests.unit.test_existing_nram.TestDefect7Fixed_NoNpSoftmax" name="test_attention_weights_are_finite" time="0.001" /><testcase classname="tests.unit.test_existing_nram.TestDefect9Fixed_ContentPreserved" name="test_process_messages_returns_unchanged_content" time="0.001" /><testcase classname="tests.unit.test_existing_nram.TestDefect9Fixed_ContentPreserved" name="test_no_prefix_added" time="0.001" /><testcase classname="tests.unit.test_existing_nram.TestDefect9Fixed_ContentPreserved" name="test_no_symbols_injected" time="0.002" /><testcase classname="tests.unit.test_existing_nram.TestDefect9Fixed_ContentPreserved" name="test_multi_message_preservation" time="0.001" /><testcase classname="tests.unit.test_existing_nram.TestNRAMBasics" name="test_nram_initialization" time="0.000" /><testcase classname="tests.unit.test_existing_nram.TestNRAMBasics" name="test_get_consciousness_level" time="0.000" /><testcase classname="tests.unit.test_existing_nram.TestNRAMBasics" name="test_reset_state" time="0.001" /><testcase classname="tests.unit.test_existing_nram.TestNRAMBasics" name="test_get_explorer_state_returns_dict" time="0.002" /><testcase classname="tests.unit.test_existing_nram.TestNRAMBasics" name="test_update_configuration" time="0.001" /><testcase classname="tests.unit.test_logit_processor.TestLogitProcessor" name="test_positive_bias_increases_logits" time="0.001" /><testcase classname="tests.unit.test_logit_processor.TestLogitProcessor" name="test_negative_bias_decreases_logits" time="0.001" /><testcase classname="tests.unit.test_logit_processor.TestLogitProcessor" name="test_forbidden_tokens_negative_infinity" time="0.001" /><testcase classname="tests.unit.test_logit_processor.TestLogitProcessor" name="test_repetition_penalty_on_recent_tokens" time="0.001" /><testcase classname="tests.unit.test_logit_processor.TestLogitProcessor" name="test_out_of_range_ids_ignored" time="0.001" /><testcase classname="tests.unit.test_logit_processor.TestLogitProcessor" name="test_invalid_param_types_do_not_crash" time="0.001" /><testcase classname="tests.unit.test_logit_processor.TestLogitProcessor" name="test_batch_isolation" time="0.001" /><testcase classname="tests.unit.test_logit_processor.TestLogitProcessor" name="test_empty_params_returns_logits" time="0.001" /><testcase classname="tests.unit.test_logit_processor.TestLogitProcessor" name="test_bias_clamped_to_bounds" time="0.001" /><testcase classname="tests.unit.test_logit_processor.TestProcessorSerialization" name="test_dill_roundtrip_preserves_behavior" time="0.001" /><testcase classname="tests.unit.test_logit_processor.TestProcessorSerialization" name="test_serialize_processor_helper_returns_hex" time="0.001" /><testcase classname="tests.unit.test_logit_processor.TestForcedTokenProof" name="test_forced_token_is_argmax" time="0.001" /><testcase classname="tests.unit.test_nram_state.TestNRAMState" name="test_default_state_within_bounds" time="0.001" /><testcase classname="tests.unit.test_nram_state.TestNRAMState" name="test_extra_fields_forbidden" time="0.001" /><testcase classname="tests.unit.test_nram_state.TestNRAMState" name="test_out_of_range_rejected" time="0.001" /><testcase classname="tests.unit.test_nram_state.TestNRAMState" name="test_negative_generated_tokens_rejected" time="0.000" /><testcase classname="tests.unit.test_nram_state.TestVisionaryProfile" name="test_profile_is_immutable_copy" time="0.000" /><testcase classname="tests.unit.test_nram_state.TestVisionaryProfile" name="test_profile_registered" time="0.000" /><testcase classname="tests.unit.test_nram_state.TestVisionaryProfile" name="test_profile_has_high_visionary_and_jargon_penalty" time="0.000" /><testcase classname="tests.unit.test_persona_compiler.TestPolicyCompilerDeterminism" name="test_identical_inputs_produce_identical_policy" time="0.001" /><testcase classname="tests.unit.test_persona_compiler.TestPolicyCompilerDeterminism" name="test_different_inputs_produce_different_hash" time="0.001" /><testcase classname="tests.unit.test_persona_compiler.TestBiasBounds" name="test_positive_bias_within_conservative_range" time="0.000" /><testcase classname="tests.unit.test_persona_compiler.TestBiasBounds" name="test_negative_bias_within_conservative_range" time="0.000" /><testcase classname="tests.unit.test_persona_compiler.TestBiasBounds" name="test_repetition_penalty_bounded" time="0.001" /><testcase classname="tests.unit.test_persona_compiler.TestBiasBounds" name="test_extreme_state_still_bounds_positive_bias" time="0.000" /><testcase classname="tests.unit.test_persona_compiler.TestLexemeFamilies" name="test_positive_lexemes_present" time="0.001" /><testcase classname="tests.unit.test_persona_compiler.TestLexemeFamilies" name="test_negative_lexemes_are_corporate_filler" time="0.000" /><testcase classname="tests.unit.test_persona_compiler.TestLexemeFamilies" name="test_developer_instruction_does_not_impersonate" time="0.001" /><testcase classname="tests.unit.test_phase_schedule.TestPhaseSchedule" name="test_opening_phase_no_scaling" time="0.001" /><testcase classname="tests.unit.test_phase_schedule.TestPhaseSchedule" name="test_contradiction_phase_boosts_negative" time="0.000" /><testcase classname="tests.unit.test_phase_schedule.TestPhaseSchedule" name="test_revelation_phase_boosts_positive" time="0.001" /><testcase classname="tests.unit.test_phase_schedule.TestPhaseSchedule" name="test_final_turn_boosts_repetition" time="0.001" /><testcase classname="tests.unit.test_phase_schedule.TestPhaseSchedule" name="test_no_max_tokens_disables_schedule" time="0.001" /><testcase classname="tests.unit.test_phase_schedule.TestPhaseSchedule" name="test_schedule_actually_changes_logits" time="0.001" /><testcase classname="tests.unit.test_phase_schedule.TestPhaseSchedule" name="test_request_state_isolated" time="0.001" /><testcase classname="tests.unit.test_phenomena_mixer.TestPhenomenonOverlap" name="test_overlap_boosts_recent_tokens" time="0.001" /><testcase classname="tests.unit.test_phenomena_mixer.TestPhenomenonOverlap" name="test_overlap_weight_zero_no_effect" time="0.001" /><testcase classname="tests.unit.test_phenomena_mixer.TestPhenomenonOverlap" name="test_overlap_below_threshold_no_effect" time="0.001" /><testcase classname="tests.unit.test_phenomena_mixer.TestPhenomenonOverlap" name="test_overlap_with_empty_history" time="0.001" /><testcase classname="tests.unit.test_phenomena_mixer.TestPhenomenonForgetting" name="test_forgetting_penalizes_recent_tokens" time="0.001" /><testcase classname="tests.unit.test_phenomena_mixer.TestPhenomenonForgetting" name="test_forgetting_weight_zero_no_effect" time="0.001" /><testcase classname="tests.unit.test_phenomena_mixer.TestPhenomenonLooping" name="test_looping_rewards_recent_tokens" time="0.001" /><testcase classname="tests.unit.test_phenomena_mixer.TestPhenomenonLooping" name="test_looping_window_is_16_tokens" time="0.001" /><testcase classname="tests.unit.test_phenomena_mixer.TestPhenomenonAssociativeJump" name="test_associative_jump_flattens_logits" time="0.001" /><testcase classname="tests.unit.test_phenomena_mixer.TestPhenomenonAssociativeJump" name="test_associative_jump_weight_zero_no_effect" time="0.001" /><testcase classname="tests.unit.test_phenomena_mixer.TestPhenomenonSynesthesia" name="test_synesthesia_adds_noise_to_scattered_tokens" time="0.001" /><testcase classname="tests.unit.test_phenomena_mixer.TestPhenomenonSynesthesia" name="test_synesthesia_pattern_shifts_with_generation" time="0.001" /><testcase classname="tests.unit.test_phenomena_mixer.TestPhenomenonDissolution" name="test_dissolution_scales_logits_toward_zero" time="0.001" /><testcase classname="tests.unit.test_phenomena_mixer.TestPhenomenonDissolution" name="test_dissolution_is_strongest_effect" time="0.001" /><testcase classname="tests.unit.test_phenomena_mixer.TestPhenomenonInsight" name="test_insight_spikes_at_25_percent" time="0.001" /><testcase classname="tests.unit.test_phenomena_mixer.TestPhenomenonInsight" name="test_insight_spikes_at_50_percent" time="0.001" /><testcase classname="tests.unit.test_phenomena_mixer.TestPhenomenonInsight" name="test_insight_spikes_at_75_percent" time="0.001" /><testcase classname="tests.unit.test_phenomena_mixer.TestPhenomenonInsight" name="test_insight_no_spike_outside_windows" time="0.001" /><testcase classname="tests.unit.test_phenomena_mixer.TestPhenomenonCombinations" name="test_overlap_and_forgetting_cancel_partially" time="0.001" /><testcase classname="tests.unit.test_phenomena_mixer.TestPhenomenonCombinations" name="test_all_phenomena_no_crash" time="0.001" /><testcase classname="tests.unit.test_phenomena_mixer.TestPhenomenonCombinations" name="test_phenomena_require_request" time="0.001" /><testcase classname="tests.unit.test_planner.TestPlanner" name="test_valid_plan_parsed" time="0.002" /><testcase classname="tests.unit.test_planner.TestPlanner" name="test_planner_temperature_in_range" time="0.001" /><testcase classname="tests.unit.test_planner.TestPlanner" name="test_planner_uses_structured_output" time="0.001" /><testcase classname="tests.unit.test_planner.TestPlanner" name="test_planner_failure_returns_none" time="0.001" /><testcase classname="tests.unit.test_planner.TestPlanner" name="test_invalid_json_returns_none" time="0.002" /><testcase classname="tests.unit.test_planner.TestPlanner" name="test_planner_disabled_returns_none" time="0.001" /><testcase classname="tests.unit.test_planner.TestPlanner" name="test_plan_to_fragment_contains_fields" time="0.001" /><testcase classname="tests.unit.test_serialization.TestSerializeProcessor" name="test_serialize_processor_returns_json_string" time="0.001" /><testcase classname="tests.unit.test_serialization.TestSerializeProcessor" name="test_serialize_processor_contains_callable" time="0.001" /><testcase classname="tests.unit.test_serialization.TestSerializeProcessor" name="test_serialize_processor_roundtrip" time="0.001" /><testcase classname="tests.unit.test_serialization.TestBuildCustomParams" name="test_build_custom_params_basic" time="0.000" /><testcase classname="tests.unit.test_serialization.TestBuildCustomParams" name="test_build_custom_params_with_phenomena" time="0.000" /><testcase classname="tests.unit.test_serialization.TestBuildCustomParams" name="test_build_custom_params_minimal" time="0.000" /><testcase classname="tests.unit.test_serialization.TestBuildCustomParams" name="test_build_custom_params_with_max_tokens" time="0.000" /><testcase classname="tests.unit.test_serialization.TestBuildCustomParams" name="test_build_custom_params_preserves_all_fields" time="0.001" /><testcase classname="tests.unit.test_serialization.TestBuildCustomParams" name="test_build_custom_params_no_phenomena_omits_key" time="0.000" /><testcase classname="tests.unit.test_stream_reasoning.TestStripReasoning" name="test_removes_complete_think_block" time="0.000" /><testcase classname="tests.unit.test_stream_reasoning.TestStripReasoning" name="test_no_think_block_unchanged" time="0.001" /><testcase classname="tests.unit.test_stream_reasoning.TestStripReasoning" name="test_multiple_blocks_removed" time="0.000" /><testcase classname="tests.unit.test_stream_reasoning.TestStripReasoning" name="test_empty_after_strip" time="0.000" /><testcase classname="tests.unit.test_stream_reasoning.TestStripReasoning" name="test_multiline_reasoning" time="0.000" /><testcase classname="tests.unit.test_stream_reasoning.TestStreamState" name="test_plain_content_passes_through" time="0.000" /><testcase classname="tests.unit.test_stream_reasoning.TestStreamState" name="test_model_rewritten_to_public_alias" time="0.000" /><testcase classname="tests.unit.test_stream_reasoning.TestStreamState" name="test_complete_reasoning_block_suppressed" time="0.000" /><testcase classname="tests.unit.test_stream_reasoning.TestStreamState" name="test_partial_reasoning_buffered_until_close" time="0.000" /><testcase classname="tests.unit.test_stream_reasoning.TestStreamState" name="test_done_line_yields_nothing" time="0.000" /><testcase classname="tests.unit.test_stream_reasoning.TestStreamState" name="test_unparseable_line_dropped" time="0.000" /><testcase classname="tests.unit.test_stream_reasoning.TestStreamState" name="test_finish_reason_chunk_preserved" time="0.000" /><testcase classname="tests.unit.test_token_bias.TestTokenBiasCompiler" name="test_single_token_lexeme_selected" time="0.001" /><testcase classname="tests.unit.test_token_bias.TestTokenBiasCompiler" name="test_multi_token_lexeme_skipped" time="0.001" /><testcase classname="tests.unit.test_token_bias.TestTokenBiasCompiler" name="test_punctuation_never_biased" time="0.000" /><testcase classname="tests.unit.test_token_bias.TestTokenBiasCompiler" name="test_ids_deduplicated" time="0.001" /><testcase classname="tests.unit.test_token_bias.TestTokenBiasCompiler" name="test_ids_validated_against_vocab" time="0.000" /><testcase classname="tests.unit.test_token_bias.TestTokenBiasCompiler" name="test_bias_values_propagated" time="0.001" /><testcase classname="tests.unit.test_token_bias.TestTokenBiasCompiler" name="test_diagnostics_include_skipped_reason" time="0.001" /><testcase classname="tests.unit.test_workflow_store.TestWorkflowStore" name="test_create_workflow" time="0.018" /><testcase classname="tests.unit.test_workflow_store.TestWorkflowStore" name="test_get_workflow" time="0.016" /><testcase classname="tests.unit.test_workflow_store.TestWorkflowStore" name="test_get_nonexistent_workflow" time="0.012" /><testcase classname="tests.unit.test_workflow_store.TestWorkflowStore" name="test_update_workflow" time="0.023" /><testcase classname="tests.unit.test_workflow_store.TestWorkflowStore" name="test_list_workflows" time="0.026" /><testcase classname="tests.unit.test_workflow_store.TestWorkflowStore" name="test_add_event" time="0.020" /><testcase classname="tests.unit.test_workflow_store.TestWorkflowStore" name="test_get_events_ordered_by_sequence" time="0.024" /><testcase classname="tests.unit.test_workflow_store.TestWorkflowStore" name="test_store_and_get_artifact" time="0.019" /><testcase classname="tests.unit.test_workflow_store.TestWorkflowStore" name="test_get_artifacts_by_type" time="0.018" /><testcase classname="tests.unit.test_workflow_store.TestWorkflowStore" name="test_workflow_persistence_across_store_instances" time="0.016" /></testsuite></testsuites>